2025-10-24 10:04:45.369 | INFO     | __main__:main:46 - florencia-ai iniciado | BTC/USDT 5m | PAPER=True
2025-10-24 10:05:32.988 | ERROR    | __main__:main:161 - Loop error: HTTPConnectionPool(host='florencia-ai-ollama', port=11434): Read timed out. (read timeout=45)
Traceback (most recent call last):

  File "/usr/local/lib/python3.11/site-packages/urllib3/connectionpool.py", line 534, in _make_request
    response = conn.getresponse()
               │    └ <function HTTPConnection.getresponse at 0x76e04bd313a0>
               └ <urllib3.connection.HTTPConnection object at 0x76e048fb06d0>
  File "/usr/local/lib/python3.11/site-packages/urllib3/connection.py", line 565, in getresponse
    httplib_response = super().getresponse()
  File "/usr/local/lib/python3.11/http/client.py", line 1395, in getresponse
    response.begin()
    │        └ <function HTTPResponse.begin at 0x76e04c1a34c0>
    └ <http.client.HTTPResponse object at 0x76e04887c100>
  File "/usr/local/lib/python3.11/http/client.py", line 325, in begin
    version, status, reason = self._read_status()
                              │    └ <function HTTPResponse._read_status at 0x76e04c1a3420>
                              └ <http.client.HTTPResponse object at 0x76e04887c100>
  File "/usr/local/lib/python3.11/http/client.py", line 286, in _read_status
    line = str(self.fp.readline(_MAXLINE + 1), "iso-8859-1")
               │    │           └ 65536
               │    └ None
               └ <http.client.HTTPResponse object at 0x76e04887c100>
  File "/usr/local/lib/python3.11/socket.py", line 718, in readinto
    return self._sock.recv_into(b)
           │    │               └ <memory at 0x76e049e81600>
           │    └ None
           └ <socket.SocketIO object at 0x76e04887c040>

TimeoutError: timed out


The above exception was the direct cause of the following exception:


Traceback (most recent call last):

  File "/usr/local/lib/python3.11/site-packages/requests/adapters.py", line 667, in send
    resp = conn.urlopen(
           │    └ <function HTTPConnectionPool.urlopen at 0x76e04bd5d620>
           └ <urllib3.connectionpool.HTTPConnectionPool object at 0x76e0405392d0>
  File "/usr/local/lib/python3.11/site-packages/urllib3/connectionpool.py", line 841, in urlopen
    retries = retries.increment(
              │       └ <function Retry.increment at 0x76e04c002b60>
              └ Retry(total=0, connect=None, read=False, redirect=None, status=None)
  File "/usr/local/lib/python3.11/site-packages/urllib3/util/retry.py", line 474, in increment
    raise reraise(type(error), error, _stacktrace)
          │            │       │      └ <traceback object at 0x76e040539700>
          │            │       └ ReadTimeoutError("HTTPConnectionPool(host='florencia-ai-ollama', port=11434): Read timed out. (read timeout=45)")
          │            └ ReadTimeoutError("HTTPConnectionPool(host='florencia-ai-ollama', port=11434): Read timed out. (read timeout=45)")
          └ <function reraise at 0x76e04c001300>
  File "/usr/local/lib/python3.11/site-packages/urllib3/util/util.py", line 39, in reraise
    raise value
          └ None
  File "/usr/local/lib/python3.11/site-packages/urllib3/connectionpool.py", line 787, in urlopen
    response = self._make_request(
               │    └ <function HTTPConnectionPool._make_request at 0x76e04bd5d440>
               └ <urllib3.connectionpool.HTTPConnectionPool object at 0x76e0405392d0>
  File "/usr/local/lib/python3.11/site-packages/urllib3/connectionpool.py", line 536, in _make_request
    self._raise_timeout(err=e, url=url, timeout_value=read_timeout)
    │    │                         │                  └ 45
    │    │                         └ '/api/generate'
    │    └ <function HTTPConnectionPool._raise_timeout at 0x76e04bd5d3a0>
    └ <urllib3.connectionpool.HTTPConnectionPool object at 0x76e0405392d0>
  File "/usr/local/lib/python3.11/site-packages/urllib3/connectionpool.py", line 367, in _raise_timeout
    raise ReadTimeoutError(
          └ <class 'urllib3.exceptions.ReadTimeoutError'>

urllib3.exceptions.ReadTimeoutError: HTTPConnectionPool(host='florencia-ai-ollama', port=11434): Read timed out. (read timeout=45)


During handling of the above exception, another exception occurred:


Traceback (most recent call last):

  File "<frozen runpy>", line 198, in _run_module_as_main
  File "<frozen runpy>", line 88, in _run_code

  File "/app/main.py", line 166, in <module>
    main()
    └ <function main at 0x76e049ed3560>

> File "/app/main.py", line 101, in main
    report = detect_structure_with_llm(candles, pivots, K=2)
             │                         │        └ [{'type': 'L', 'ts': '2025-10-24T06:30', 'price': 111232.0}, {'type': 'L', 'ts': '2025-10-24T07:20', 'price': 111069.46}, {'t...
             │                         └ [['2025-10-24T05:50-03:00', 111148.95, 111206.63, 111097.11, 111132.07], ['2025-10-24T05:55-03:00', 111132.06, 111133.31, 111...
             └ <function detect_structure_with_llm at 0x76e04a50fa60>

  File "/app/structure_oracle.py", line 146, in detect_structure_with_llm
    raw1 = _call(prompt1)
           │     └ '\nYou are a MARKET STRUCTURE annotator for 5-minute candles.\nYour job is to rigorously identify: (1) H/L pivots (fractal K)...
           └ <function detect_structure_with_llm.<locals>._call at 0x76e049e93d80>

  File "/app/structure_oracle.py", line 132, in _call
    r = requests.post(f"{LLM_URL}/api/generate", json=req, timeout=45)  # era 180
        │        │                                    └ {'model': 'llama3.2:3b-instruct-q4_0', 'prompt': '\nYou are a MARKET STRUCTURE annotator for 5-minute candles.\nYour job is t...
        │        └ <function post at 0x76e04bbe77e0>
        └ <module 'requests' from '/usr/local/lib/python3.11/site-packages/requests/__init__.py'>

  File "/usr/local/lib/python3.11/site-packages/requests/api.py", line 115, in post
    return request("post", url, data=data, json=json, **kwargs)
           │               │         │          │       └ {'timeout': 45}
           │               │         │          └ {'model': 'llama3.2:3b-instruct-q4_0', 'prompt': '\nYou are a MARKET STRUCTURE annotator for 5-minute candles.\nYour job is t...
           │               │         └ None
           │               └ 'http://florencia-ai-ollama:11434/api/generate'
           └ <function request at 0x76e04bc9d080>
  File "/usr/local/lib/python3.11/site-packages/requests/api.py", line 59, in request
    return session.request(method=method, url=url, **kwargs)
           │       │              │           │      └ {'data': None, 'json': {'model': 'llama3.2:3b-instruct-q4_0', 'prompt': '\nYou are a MARKET STRUCTURE annotator for 5-minute ...
           │       │              │           └ 'http://florencia-ai-ollama:11434/api/generate'
           │       │              └ 'post'
           │       └ <function Session.request at 0x76e04bbe6ca0>
           └ <requests.sessions.Session object at 0x76e04990b8d0>
  File "/usr/local/lib/python3.11/site-packages/requests/sessions.py", line 589, in request
    resp = self.send(prep, **send_kwargs)
           │    │    │       └ {'timeout': 45, 'allow_redirects': True, 'proxies': OrderedDict(), 'stream': False, 'verify': True, 'cert': None}
           │    │    └ <PreparedRequest [POST]>
           │    └ <function Session.send at 0x76e04bbe71a0>
           └ <requests.sessions.Session object at 0x76e04990b8d0>
  File "/usr/local/lib/python3.11/site-packages/requests/sessions.py", line 703, in send
    r = adapter.send(request, **kwargs)
        │       │    │          └ {'timeout': 45, 'proxies': OrderedDict(), 'stream': False, 'verify': True, 'cert': None}
        │       │    └ <PreparedRequest [POST]>
        │       └ <function HTTPAdapter.send at 0x76e04bbe6520>
        └ <requests.adapters.HTTPAdapter object at 0x76e040539f10>
  File "/usr/local/lib/python3.11/site-packages/requests/adapters.py", line 713, in send
    raise ReadTimeout(e, request=request)
          │                      └ <PreparedRequest [POST]>
          └ <class 'requests.exceptions.ReadTimeout'>

requests.exceptions.ReadTimeout: HTTPConnectionPool(host='florencia-ai-ollama', port=11434): Read timed out. (read timeout=45)
2025-10-24 10:07:21.131 | ERROR    | __main__:main:161 - Loop error: HTTPConnectionPool(host='florencia-ai-ollama', port=11434): Read timed out. (read timeout=45)
Traceback (most recent call last):

  File "/usr/local/lib/python3.11/site-packages/urllib3/connectionpool.py", line 534, in _make_request
    response = conn.getresponse()
               │    └ <function HTTPConnection.getresponse at 0x76e04bd313a0>
               └ <urllib3.connection.HTTPConnection object at 0x76e047267c90>
  File "/usr/local/lib/python3.11/site-packages/urllib3/connection.py", line 565, in getresponse
    httplib_response = super().getresponse()
  File "/usr/local/lib/python3.11/http/client.py", line 1395, in getresponse
    response.begin()
    │        └ <function HTTPResponse.begin at 0x76e04c1a34c0>
    └ <http.client.HTTPResponse object at 0x76e049f0ad70>
  File "/usr/local/lib/python3.11/http/client.py", line 325, in begin
    version, status, reason = self._read_status()
                              │    └ <function HTTPResponse._read_status at 0x76e04c1a3420>
                              └ <http.client.HTTPResponse object at 0x76e049f0ad70>
  File "/usr/local/lib/python3.11/http/client.py", line 286, in _read_status
    line = str(self.fp.readline(_MAXLINE + 1), "iso-8859-1")
               │    │           └ 65536
               │    └ None
               └ <http.client.HTTPResponse object at 0x76e049f0ad70>
  File "/usr/local/lib/python3.11/socket.py", line 718, in readinto
    return self._sock.recv_into(b)
           │    │               └ <memory at 0x76e049e81e40>
           │    └ None
           └ <socket.SocketIO object at 0x76e049f0ac80>

TimeoutError: timed out


The above exception was the direct cause of the following exception:


Traceback (most recent call last):

  File "/usr/local/lib/python3.11/site-packages/requests/adapters.py", line 667, in send
    resp = conn.urlopen(
           │    └ <function HTTPConnectionPool.urlopen at 0x76e04bd5d620>
           └ <urllib3.connectionpool.HTTPConnectionPool object at 0x76e047267e90>
  File "/usr/local/lib/python3.11/site-packages/urllib3/connectionpool.py", line 841, in urlopen
    retries = retries.increment(
              │       └ <function Retry.increment at 0x76e04c002b60>
              └ Retry(total=0, connect=None, read=False, redirect=None, status=None)
  File "/usr/local/lib/python3.11/site-packages/urllib3/util/retry.py", line 474, in increment
    raise reraise(type(error), error, _stacktrace)
          │            │       │      └ <traceback object at 0x76e047267c40>
          │            │       └ ReadTimeoutError("HTTPConnectionPool(host='florencia-ai-ollama', port=11434): Read timed out. (read timeout=45)")
          │            └ ReadTimeoutError("HTTPConnectionPool(host='florencia-ai-ollama', port=11434): Read timed out. (read timeout=45)")
          └ <function reraise at 0x76e04c001300>
  File "/usr/local/lib/python3.11/site-packages/urllib3/util/util.py", line 39, in reraise
    raise value
          └ None
  File "/usr/local/lib/python3.11/site-packages/urllib3/connectionpool.py", line 787, in urlopen
    response = self._make_request(
               │    └ <function HTTPConnectionPool._make_request at 0x76e04bd5d440>
               └ <urllib3.connectionpool.HTTPConnectionPool object at 0x76e047267e90>
  File "/usr/local/lib/python3.11/site-packages/urllib3/connectionpool.py", line 536, in _make_request
    self._raise_timeout(err=e, url=url, timeout_value=read_timeout)
    │    │                         │                  └ 45
    │    │                         └ '/api/generate'
    │    └ <function HTTPConnectionPool._raise_timeout at 0x76e04bd5d3a0>
    └ <urllib3.connectionpool.HTTPConnectionPool object at 0x76e047267e90>
  File "/usr/local/lib/python3.11/site-packages/urllib3/connectionpool.py", line 367, in _raise_timeout
    raise ReadTimeoutError(
          └ <class 'urllib3.exceptions.ReadTimeoutError'>

urllib3.exceptions.ReadTimeoutError: HTTPConnectionPool(host='florencia-ai-ollama', port=11434): Read timed out. (read timeout=45)


During handling of the above exception, another exception occurred:


Traceback (most recent call last):

  File "<frozen runpy>", line 198, in _run_module_as_main
  File "<frozen runpy>", line 88, in _run_code

  File "/app/main.py", line 166, in <module>
    main()
    └ <function main at 0x76e049ed3560>

> File "/app/main.py", line 101, in main
    report = detect_structure_with_llm(candles, pivots, K=2)
             │                         │        └ [{'type': 'L', 'ts': '2025-10-24T06:30', 'price': 111232.0}, {'type': 'L', 'ts': '2025-10-24T07:20', 'price': 111069.46}, {'t...
             │                         └ [['2025-10-24T05:55-03:00', 111132.06, 111133.31, 111059.37, 111097.8], ['2025-10-24T06:00-03:00', 111097.79, 111097.8, 11100...
             └ <function detect_structure_with_llm at 0x76e04a50fa60>

  File "/app/structure_oracle.py", line 146, in detect_structure_with_llm
    raw1 = _call(prompt1)
           │     └ '\nYou are a MARKET STRUCTURE annotator for 5-minute candles.\nYour job is to rigorously identify: (1) H/L pivots (fractal K)...
           └ <function detect_structure_with_llm.<locals>._call at 0x76e04fad96c0>

  File "/app/structure_oracle.py", line 132, in _call
    r = requests.post(f"{LLM_URL}/api/generate", json=req, timeout=45)  # era 180
        │        │                                    └ {'model': 'llama3.2:3b-instruct-q4_0', 'prompt': '\nYou are a MARKET STRUCTURE annotator for 5-minute candles.\nYour job is t...
        │        └ <function post at 0x76e04bbe77e0>
        └ <module 'requests' from '/usr/local/lib/python3.11/site-packages/requests/__init__.py'>

  File "/usr/local/lib/python3.11/site-packages/requests/api.py", line 115, in post
    return request("post", url, data=data, json=json, **kwargs)
           │               │         │          │       └ {'timeout': 45}
           │               │         │          └ {'model': 'llama3.2:3b-instruct-q4_0', 'prompt': '\nYou are a MARKET STRUCTURE annotator for 5-minute candles.\nYour job is t...
           │               │         └ None
           │               └ 'http://florencia-ai-ollama:11434/api/generate'
           └ <function request at 0x76e04bc9d080>
  File "/usr/local/lib/python3.11/site-packages/requests/api.py", line 59, in request
    return session.request(method=method, url=url, **kwargs)
           │       │              │           │      └ {'data': None, 'json': {'model': 'llama3.2:3b-instruct-q4_0', 'prompt': '\nYou are a MARKET STRUCTURE annotator for 5-minute ...
           │       │              │           └ 'http://florencia-ai-ollama:11434/api/generate'
           │       │              └ 'post'
           │       └ <function Session.request at 0x76e04bbe6ca0>
           └ <requests.sessions.Session object at 0x76e04373cd10>
  File "/usr/local/lib/python3.11/site-packages/requests/sessions.py", line 589, in request
    resp = self.send(prep, **send_kwargs)
           │    │    │       └ {'timeout': 45, 'allow_redirects': True, 'proxies': OrderedDict(), 'stream': False, 'verify': True, 'cert': None}
           │    │    └ <PreparedRequest [POST]>
           │    └ <function Session.send at 0x76e04bbe71a0>
           └ <requests.sessions.Session object at 0x76e04373cd10>
  File "/usr/local/lib/python3.11/site-packages/requests/sessions.py", line 703, in send
    r = adapter.send(request, **kwargs)
        │       │    │          └ {'timeout': 45, 'proxies': OrderedDict(), 'stream': False, 'verify': True, 'cert': None}
        │       │    └ <PreparedRequest [POST]>
        │       └ <function HTTPAdapter.send at 0x76e04bbe6520>
        └ <requests.adapters.HTTPAdapter object at 0x76e04373d250>
  File "/usr/local/lib/python3.11/site-packages/requests/adapters.py", line 713, in send
    raise ReadTimeout(e, request=request)
          │                      └ <PreparedRequest [POST]>
          └ <class 'requests.exceptions.ReadTimeout'>

requests.exceptions.ReadTimeout: HTTPConnectionPool(host='florencia-ai-ollama', port=11434): Read timed out. (read timeout=45)
2025-10-24 10:11:13.937 | ERROR    | __main__:main:161 - Loop error: HTTPConnectionPool(host='florencia-ai-ollama', port=11434): Read timed out. (read timeout=45)
Traceback (most recent call last):

  File "/usr/local/lib/python3.11/site-packages/urllib3/connectionpool.py", line 534, in _make_request
    response = conn.getresponse()
               │    └ <function HTTPConnection.getresponse at 0x76e04bd313a0>
               └ <urllib3.connection.HTTPConnection object at 0x76e0467ba010>
  File "/usr/local/lib/python3.11/site-packages/urllib3/connection.py", line 565, in getresponse
    httplib_response = super().getresponse()
  File "/usr/local/lib/python3.11/http/client.py", line 1395, in getresponse
    response.begin()
    │        └ <function HTTPResponse.begin at 0x76e04c1a34c0>
    └ <http.client.HTTPResponse object at 0x76e04887d840>
  File "/usr/local/lib/python3.11/http/client.py", line 325, in begin
    version, status, reason = self._read_status()
                              │    └ <function HTTPResponse._read_status at 0x76e04c1a3420>
                              └ <http.client.HTTPResponse object at 0x76e04887d840>
  File "/usr/local/lib/python3.11/http/client.py", line 286, in _read_status
    line = str(self.fp.readline(_MAXLINE + 1), "iso-8859-1")
               │    │           └ 65536
               │    └ None
               └ <http.client.HTTPResponse object at 0x76e04887d840>
  File "/usr/local/lib/python3.11/socket.py", line 718, in readinto
    return self._sock.recv_into(b)
           │    │               └ <memory at 0x76e049e81600>
           │    └ None
           └ <socket.SocketIO object at 0x76e04887da20>

TimeoutError: timed out


The above exception was the direct cause of the following exception:


Traceback (most recent call last):

  File "/usr/local/lib/python3.11/site-packages/requests/adapters.py", line 667, in send
    resp = conn.urlopen(
           │    └ <function HTTPConnectionPool.urlopen at 0x76e04bd5d620>
           └ <urllib3.connectionpool.HTTPConnectionPool object at 0x76e044c25f90>
  File "/usr/local/lib/python3.11/site-packages/urllib3/connectionpool.py", line 841, in urlopen
    retries = retries.increment(
              │       └ <function Retry.increment at 0x76e04c002b60>
              └ Retry(total=0, connect=None, read=False, redirect=None, status=None)
  File "/usr/local/lib/python3.11/site-packages/urllib3/util/retry.py", line 474, in increment
    raise reraise(type(error), error, _stacktrace)
          │            │       │      └ <traceback object at 0x76e044c26240>
          │            │       └ ReadTimeoutError("HTTPConnectionPool(host='florencia-ai-ollama', port=11434): Read timed out. (read timeout=45)")
          │            └ ReadTimeoutError("HTTPConnectionPool(host='florencia-ai-ollama', port=11434): Read timed out. (read timeout=45)")
          └ <function reraise at 0x76e04c001300>
  File "/usr/local/lib/python3.11/site-packages/urllib3/util/util.py", line 39, in reraise
    raise value
          └ None
  File "/usr/local/lib/python3.11/site-packages/urllib3/connectionpool.py", line 787, in urlopen
    response = self._make_request(
               │    └ <function HTTPConnectionPool._make_request at 0x76e04bd5d440>
               └ <urllib3.connectionpool.HTTPConnectionPool object at 0x76e044c25f90>
  File "/usr/local/lib/python3.11/site-packages/urllib3/connectionpool.py", line 536, in _make_request
    self._raise_timeout(err=e, url=url, timeout_value=read_timeout)
    │    │                         │                  └ 45
    │    │                         └ '/api/generate'
    │    └ <function HTTPConnectionPool._raise_timeout at 0x76e04bd5d3a0>
    └ <urllib3.connectionpool.HTTPConnectionPool object at 0x76e044c25f90>
  File "/usr/local/lib/python3.11/site-packages/urllib3/connectionpool.py", line 367, in _raise_timeout
    raise ReadTimeoutError(
          └ <class 'urllib3.exceptions.ReadTimeoutError'>

urllib3.exceptions.ReadTimeoutError: HTTPConnectionPool(host='florencia-ai-ollama', port=11434): Read timed out. (read timeout=45)


During handling of the above exception, another exception occurred:


Traceback (most recent call last):

  File "<frozen runpy>", line 198, in _run_module_as_main
  File "<frozen runpy>", line 88, in _run_code

  File "/app/main.py", line 166, in <module>
    main()
    └ <function main at 0x76e049ed3560>

> File "/app/main.py", line 101, in main
    report = detect_structure_with_llm(candles, pivots, K=2)
             │                         │        └ [{'type': 'L', 'ts': '2025-10-24T06:30', 'price': 111232.0}, {'type': 'L', 'ts': '2025-10-24T07:20', 'price': 111069.46}, {'t...
             │                         └ [['2025-10-24T06:00-03:00', 111097.79, 111097.8, 111000.0, 111000.0], ['2025-10-24T06:05-03:00', 111000.0, 111349.08, 111000....
             └ <function detect_structure_with_llm at 0x76e04a50fa60>

  File "/app/structure_oracle.py", line 146, in detect_structure_with_llm
    raw1 = _call(prompt1)
           │     └ '\nYou are a MARKET STRUCTURE annotator for 5-minute candles.\nYour job is to rigorously identify: (1) H/L pivots (fractal K)...
           └ <function detect_structure_with_llm.<locals>._call at 0x76e04fad93a0>

  File "/app/structure_oracle.py", line 132, in _call
    r = requests.post(f"{LLM_URL}/api/generate", json=req, timeout=45)  # era 180
        │        │                                    └ {'model': 'llama3.2:3b-instruct-q4_0', 'prompt': '\nYou are a MARKET STRUCTURE annotator for 5-minute candles.\nYour job is t...
        │        └ <function post at 0x76e04bbe77e0>
        └ <module 'requests' from '/usr/local/lib/python3.11/site-packages/requests/__init__.py'>

  File "/usr/local/lib/python3.11/site-packages/requests/api.py", line 115, in post
    return request("post", url, data=data, json=json, **kwargs)
           │               │         │          │       └ {'timeout': 45}
           │               │         │          └ {'model': 'llama3.2:3b-instruct-q4_0', 'prompt': '\nYou are a MARKET STRUCTURE annotator for 5-minute candles.\nYour job is t...
           │               │         └ None
           │               └ 'http://florencia-ai-ollama:11434/api/generate'
           └ <function request at 0x76e04bc9d080>
  File "/usr/local/lib/python3.11/site-packages/requests/api.py", line 59, in request
    return session.request(method=method, url=url, **kwargs)
           │       │              │           │      └ {'data': None, 'json': {'model': 'llama3.2:3b-instruct-q4_0', 'prompt': '\nYou are a MARKET STRUCTURE annotator for 5-minute ...
           │       │              │           └ 'http://florencia-ai-ollama:11434/api/generate'
           │       │              └ 'post'
           │       └ <function Session.request at 0x76e04bbe6ca0>
           └ <requests.sessions.Session object at 0x76e044c24b10>
  File "/usr/local/lib/python3.11/site-packages/requests/sessions.py", line 589, in request
    resp = self.send(prep, **send_kwargs)
           │    │    │       └ {'timeout': 45, 'allow_redirects': True, 'proxies': OrderedDict(), 'stream': False, 'verify': True, 'cert': None}
           │    │    └ <PreparedRequest [POST]>
           │    └ <function Session.send at 0x76e04bbe71a0>
           └ <requests.sessions.Session object at 0x76e044c24b10>
  File "/usr/local/lib/python3.11/site-packages/requests/sessions.py", line 703, in send
    r = adapter.send(request, **kwargs)
        │       │    │          └ {'timeout': 45, 'proxies': OrderedDict(), 'stream': False, 'verify': True, 'cert': None}
        │       │    └ <PreparedRequest [POST]>
        │       └ <function HTTPAdapter.send at 0x76e04bbe6520>
        └ <requests.adapters.HTTPAdapter object at 0x76e0467bb910>
  File "/usr/local/lib/python3.11/site-packages/requests/adapters.py", line 713, in send
    raise ReadTimeout(e, request=request)
          │                      └ <PreparedRequest [POST]>
          └ <class 'requests.exceptions.ReadTimeout'>

requests.exceptions.ReadTimeout: HTTPConnectionPool(host='florencia-ai-ollama', port=11434): Read timed out. (read timeout=45)
2025-10-24 10:12:55.955 | INFO     | __main__:main:46 - florencia-ai iniciado | BTC/USDT 5m | PAPER=True
2025-10-24 10:13:49.994 | INFO     | __main__:main:46 - florencia-ai iniciado | BTC/USDT 5m | PAPER=True
2025-10-24 10:15:32.770 | ERROR    | __main__:main:161 - Loop error: HTTPConnectionPool(host='florencia-ai-ollama', port=11434): Read timed out. (read timeout=60)
Traceback (most recent call last):

  File "/app/structure_oracle.py", line 149, in detect_structure_with_llm
    data = json.loads(txt1)
           │    │     └ '{"data": {"pivot_candidates": [{"type": "L", "ts": "2025-10-24T06:30", "price": 111232.0}, {"type": "L", "ts": "2025-10-24T0...
           │    └ <function loads at 0x7ec40ab3ac00>
           └ <module 'json' from '/usr/local/lib/python3.11/json/__init__.py'>

  File "/usr/local/lib/python3.11/json/__init__.py", line 346, in loads
    return _default_decoder.decode(s)
           │                │      └ '{"data": {"pivot_candidates": [{"type": "L", "ts": "2025-10-24T06:30", "price": 111232.0}, {"type": "L", "ts": "2025-10-24T0...
           │                └ <function JSONDecoder.decode at 0x7ec40ab3a520>
           └ <json.decoder.JSONDecoder object at 0x7ec414dbe350>
  File "/usr/local/lib/python3.11/json/decoder.py", line 337, in decode
    obj, end = self.raw_decode(s, idx=_w(s, 0).end())
               │    │          │      │  └ '{"data": {"pivot_candidates": [{"type": "L", "ts": "2025-10-24T06:30", "price": 111232.0}, {"type": "L", "ts": "2025-10-24T0...
               │    │          │      └ <built-in method match of re.Pattern object at 0x7ec40afe5d80>
               │    │          └ '{"data": {"pivot_candidates": [{"type": "L", "ts": "2025-10-24T06:30", "price": 111232.0}, {"type": "L", "ts": "2025-10-24T0...
               │    └ <function JSONDecoder.raw_decode at 0x7ec40ab3a5c0>
               └ <json.decoder.JSONDecoder object at 0x7ec414dbe350>
  File "/usr/local/lib/python3.11/json/decoder.py", line 353, in raw_decode
    obj, end = self.scan_once(s, idx)
               │    │         │  └ 0
               │    │         └ '{"data": {"pivot_candidates": [{"type": "L", "ts": "2025-10-24T06:30", "price": 111232.0}, {"type": "L", "ts": "2025-10-24T0...
               │    └ <_json.Scanner object at 0x7ec40ab56a40>
               └ <json.decoder.JSONDecoder object at 0x7ec414dbe350>

json.decoder.JSONDecodeError: Expecting ',' delimiter: line 1 column 271 (char 270)


During handling of the above exception, another exception occurred:


Traceback (most recent call last):

  File "/usr/local/lib/python3.11/site-packages/urllib3/connectionpool.py", line 534, in _make_request
    response = conn.getresponse()
               │    └ <function HTTPConnection.getresponse at 0x7ec4087f93a0>
               └ <urllib3.connection.HTTPConnection object at 0x7ec405a50a90>
  File "/usr/local/lib/python3.11/site-packages/urllib3/connection.py", line 565, in getresponse
    httplib_response = super().getresponse()
  File "/usr/local/lib/python3.11/http/client.py", line 1395, in getresponse
    response.begin()
    │        └ <function HTTPResponse.begin at 0x7ec408a4b4c0>
    └ <http.client.HTTPResponse object at 0x7ec406734190>
  File "/usr/local/lib/python3.11/http/client.py", line 325, in begin
    version, status, reason = self._read_status()
                              │    └ <function HTTPResponse._read_status at 0x7ec408a4b420>
                              └ <http.client.HTTPResponse object at 0x7ec406734190>
  File "/usr/local/lib/python3.11/http/client.py", line 286, in _read_status
    line = str(self.fp.readline(_MAXLINE + 1), "iso-8859-1")
               │    │           └ 65536
               │    └ None
               └ <http.client.HTTPResponse object at 0x7ec406734190>
  File "/usr/local/lib/python3.11/socket.py", line 718, in readinto
    return self._sock.recv_into(b)
           │    │               └ <memory at 0x7ec4069556c0>
           │    └ None
           └ <socket.SocketIO object at 0x7ec4067340a0>

TimeoutError: timed out


The above exception was the direct cause of the following exception:


Traceback (most recent call last):

  File "/usr/local/lib/python3.11/site-packages/requests/adapters.py", line 667, in send
    resp = conn.urlopen(
           │    └ <function HTTPConnectionPool.urlopen at 0x7ec408809620>
           └ <urllib3.connectionpool.HTTPConnectionPool object at 0x7ec405a52f10>
  File "/usr/local/lib/python3.11/site-packages/urllib3/connectionpool.py", line 841, in urlopen
    retries = retries.increment(
              │       └ <function Retry.increment at 0x7ec408a7eb60>
              └ Retry(total=0, connect=None, read=False, redirect=None, status=None)
  File "/usr/local/lib/python3.11/site-packages/urllib3/util/retry.py", line 474, in increment
    raise reraise(type(error), error, _stacktrace)
          │            │       │      └ <traceback object at 0x7ec405a504c0>
          │            │       └ ReadTimeoutError("HTTPConnectionPool(host='florencia-ai-ollama', port=11434): Read timed out. (read timeout=60)")
          │            └ ReadTimeoutError("HTTPConnectionPool(host='florencia-ai-ollama', port=11434): Read timed out. (read timeout=60)")
          └ <function reraise at 0x7ec408a7d300>
  File "/usr/local/lib/python3.11/site-packages/urllib3/util/util.py", line 39, in reraise
    raise value
          └ None
  File "/usr/local/lib/python3.11/site-packages/urllib3/connectionpool.py", line 787, in urlopen
    response = self._make_request(
               │    └ <function HTTPConnectionPool._make_request at 0x7ec408809440>
               └ <urllib3.connectionpool.HTTPConnectionPool object at 0x7ec405a52f10>
  File "/usr/local/lib/python3.11/site-packages/urllib3/connectionpool.py", line 536, in _make_request
    self._raise_timeout(err=e, url=url, timeout_value=read_timeout)
    │    │                         │                  └ 60
    │    │                         └ '/api/generate'
    │    └ <function HTTPConnectionPool._raise_timeout at 0x7ec4088093a0>
    └ <urllib3.connectionpool.HTTPConnectionPool object at 0x7ec405a52f10>
  File "/usr/local/lib/python3.11/site-packages/urllib3/connectionpool.py", line 367, in _raise_timeout
    raise ReadTimeoutError(
          └ <class 'urllib3.exceptions.ReadTimeoutError'>

urllib3.exceptions.ReadTimeoutError: HTTPConnectionPool(host='florencia-ai-ollama', port=11434): Read timed out. (read timeout=60)


During handling of the above exception, another exception occurred:


Traceback (most recent call last):

  File "<frozen runpy>", line 198, in _run_module_as_main
  File "<frozen runpy>", line 88, in _run_code

  File "/app/main.py", line 166, in <module>
    main()
    └ <function main at 0x7ec40699f560>

> File "/app/main.py", line 101, in main
    report = detect_structure_with_llm(candles, pivots, K=2)
             │                         │        └ [{'type': 'L', 'ts': '2025-10-24T06:30', 'price': 111232.0}, {'type': 'L', 'ts': '2025-10-24T07:20', 'price': 111069.46}, {'t...
             │                         └ [['2025-10-24T06:00-03:00', 111097.79, 111097.8, 111000.0, 111000.0], ['2025-10-24T06:05-03:00', 111000.0, 111349.08, 111000....
             └ <function detect_structure_with_llm at 0x7ec406fc7a60>

  File "/app/structure_oracle.py", line 161, in detect_structure_with_llm
    raw2 = _call(prompt2)
           │     └ 'Return ONLY a JSON object that matches EXACTLY this template (same keys, same structure). Fill values based on the data. If ...
           └ <function detect_structure_with_llm.<locals>._call at 0x7ec40695fd80>

  File "/app/structure_oracle.py", line 132, in _call
    r = requests.post(f"{LLM_URL}/api/generate", json=req, timeout=60)  # era 45
        │        │                                    └ {'model': 'llama3.2:3b-instruct-q4_0', 'prompt': 'Return ONLY a JSON object that matches EXACTLY this template (same keys, sa...
        │        └ <function post at 0x7ec4086e37e0>
        └ <module 'requests' from '/usr/local/lib/python3.11/site-packages/requests/__init__.py'>

  File "/usr/local/lib/python3.11/site-packages/requests/api.py", line 115, in post
    return request("post", url, data=data, json=json, **kwargs)
           │               │         │          │       └ {'timeout': 60}
           │               │         │          └ {'model': 'llama3.2:3b-instruct-q4_0', 'prompt': 'Return ONLY a JSON object that matches EXACTLY this template (same keys, sa...
           │               │         └ None
           │               └ 'http://florencia-ai-ollama:11434/api/generate'
           └ <function request at 0x7ec408741080>
  File "/usr/local/lib/python3.11/site-packages/requests/api.py", line 59, in request
    return session.request(method=method, url=url, **kwargs)
           │       │              │           │      └ {'data': None, 'json': {'model': 'llama3.2:3b-instruct-q4_0', 'prompt': 'Return ONLY a JSON object that matches EXACTLY this ...
           │       │              │           └ 'http://florencia-ai-ollama:11434/api/generate'
           │       │              └ 'post'
           │       └ <function Session.request at 0x7ec4086e2ca0>
           └ <requests.sessions.Session object at 0x7ec3fd0070d0>
  File "/usr/local/lib/python3.11/site-packages/requests/sessions.py", line 589, in request
    resp = self.send(prep, **send_kwargs)
           │    │    │       └ {'timeout': 60, 'allow_redirects': True, 'proxies': OrderedDict(), 'stream': False, 'verify': True, 'cert': None}
           │    │    └ <PreparedRequest [POST]>
           │    └ <function Session.send at 0x7ec4086e31a0>
           └ <requests.sessions.Session object at 0x7ec3fd0070d0>
  File "/usr/local/lib/python3.11/site-packages/requests/sessions.py", line 703, in send
    r = adapter.send(request, **kwargs)
        │       │    │          └ {'timeout': 60, 'proxies': OrderedDict(), 'stream': False, 'verify': True, 'cert': None}
        │       │    └ <PreparedRequest [POST]>
        │       └ <function HTTPAdapter.send at 0x7ec4086e2520>
        └ <requests.adapters.HTTPAdapter object at 0x7ec405a78bd0>
  File "/usr/local/lib/python3.11/site-packages/requests/adapters.py", line 713, in send
    raise ReadTimeout(e, request=request)
          │                      └ <PreparedRequest [POST]>
          └ <class 'requests.exceptions.ReadTimeout'>

requests.exceptions.ReadTimeout: HTTPConnectionPool(host='florencia-ai-ollama', port=11434): Read timed out. (read timeout=60)
2025-10-24 10:16:11.942 | INFO     | __main__:main:46 - florencia-ai iniciado | BTC/USDT 5m | PAPER=True
2025-10-24 10:16:59.343 | INFO     | __main__:main:46 - florencia-ai iniciado | BTC/USDT 5m | PAPER=True
2025-10-24 10:18:40.644 | INFO     | __main__:main:155 - Sin ChoCH válido | trend=SIDEWAYS | conf=0.00
2025-10-24 10:18:40.645 | INFO     | __main__:main:158 - PnL realizado (exchange-managed aprox): 0.00
2025-10-24 10:23:26.556 | INFO     | __main__:main:155 - Sin ChoCH válido | trend=SIDEWAYS | conf=0.00
2025-10-24 10:23:26.557 | INFO     | __main__:main:158 - PnL realizado (exchange-managed aprox): 0.00
2025-10-24 10:23:52.225 | INFO     | __main__:main:46 - florencia-ai iniciado | BTC/USDT 5m | PAPER=True
2025-10-24 10:24:34.060 | INFO     | __main__:main:46 - florencia-ai iniciado | BTC/USDT 5m | PAPER=True
2025-10-24 10:24:36.081 | ERROR    | __main__:main:161 - Loop error: HTTPConnectionPool(host='ollama', port=11434): Max retries exceeded with url: /api/generate (Caused by NameResolutionError("<urllib3.connection.HTTPConnection object at 0x76a73e1a2f50>: Failed to resolve 'ollama' ([Errno -3] Temporary failure in name resolution)"))
Traceback (most recent call last):

  File "/usr/local/lib/python3.11/site-packages/urllib3/connection.py", line 198, in _new_conn
    sock = connection.create_connection(
           │          └ <function create_connection at 0x76a741d24680>
           └ <module 'urllib3.util.connection' from '/usr/local/lib/python3.11/site-packages/urllib3/util/connection.py'>
  File "/usr/local/lib/python3.11/site-packages/urllib3/util/connection.py", line 60, in create_connection
    for res in socket.getaddrinfo(host, port, family, socket.SOCK_STREAM):
               │      │           │     │     │       │      └ <SocketKind.SOCK_STREAM: 1>
               │      │           │     │     │       └ <module 'socket' from '/usr/local/lib/python3.11/socket.py'>
               │      │           │     │     └ <AddressFamily.AF_UNSPEC: 0>
               │      │           │     └ 11434
               │      │           └ 'ollama'
               │      └ <function getaddrinfo at 0x76a742172c00>
               └ <module 'socket' from '/usr/local/lib/python3.11/socket.py'>
  File "/usr/local/lib/python3.11/socket.py", line 974, in getaddrinfo
    for res in _socket.getaddrinfo(host, port, family, type, proto, flags):
               │       │           │     │     │       │     │      └ 0
               │       │           │     │     │       │     └ 0
               │       │           │     │     │       └ <SocketKind.SOCK_STREAM: 1>
               │       │           │     │     └ <AddressFamily.AF_UNSPEC: 0>
               │       │           │     └ 11434
               │       │           └ 'ollama'
               │       └ <built-in function getaddrinfo>
               └ <module '_socket' from '/usr/local/lib/python3.11/lib-dynload/_socket.cpython-311-x86_64-linux-gnu.so'>

socket.gaierror: [Errno -3] Temporary failure in name resolution


The above exception was the direct cause of the following exception:


Traceback (most recent call last):

  File "/usr/local/lib/python3.11/site-packages/urllib3/connectionpool.py", line 787, in urlopen
    response = self._make_request(
               │    └ <function HTTPConnectionPool._make_request at 0x76a741ae5440>
               └ <urllib3.connectionpool.HTTPConnectionPool object at 0x76a73e1cfb50>
  File "/usr/local/lib/python3.11/site-packages/urllib3/connectionpool.py", line 493, in _make_request
    conn.request(
    │    └ <function HTTPConnection.request at 0x76a741ab9260>
    └ <urllib3.connection.HTTPConnection object at 0x76a73e1a2f50>
  File "/usr/local/lib/python3.11/site-packages/urllib3/connection.py", line 494, in request
    self.endheaders()
    │    └ <function HTTPConnection.endheaders at 0x76a741d19300>
    └ <urllib3.connection.HTTPConnection object at 0x76a73e1a2f50>
  File "/usr/local/lib/python3.11/http/client.py", line 1298, in endheaders
    self._send_output(message_body, encode_chunked=encode_chunked)
    │    │            │                            └ False
    │    │            └ None
    │    └ <function HTTPConnection._send_output at 0x76a741d18ea0>
    └ <urllib3.connection.HTTPConnection object at 0x76a73e1a2f50>
  File "/usr/local/lib/python3.11/http/client.py", line 1058, in _send_output
    self.send(msg)
    │    │    └ b'POST /api/generate HTTP/1.1\r\nHost: ollama:11434\r\nUser-Agent: python-requests/2.32.3\r\nAccept-Encoding: gzip, deflate\r...
    │    └ <function HTTPConnection.send at 0x76a741d18cc0>
    └ <urllib3.connection.HTTPConnection object at 0x76a73e1a2f50>
  File "/usr/local/lib/python3.11/http/client.py", line 996, in send
    self.connect()
    │    └ <function HTTPConnection.connect at 0x76a741ab8cc0>
    └ <urllib3.connection.HTTPConnection object at 0x76a73e1a2f50>
  File "/usr/local/lib/python3.11/site-packages/urllib3/connection.py", line 325, in connect
    self.sock = self._new_conn()
    │    │      │    └ <function HTTPConnection._new_conn at 0x76a741ab8b80>
    │    │      └ <urllib3.connection.HTTPConnection object at 0x76a73e1a2f50>
    │    └ None
    └ <urllib3.connection.HTTPConnection object at 0x76a73e1a2f50>
  File "/usr/local/lib/python3.11/site-packages/urllib3/connection.py", line 205, in _new_conn
    raise NameResolutionError(self.host, self, e) from e
          │                   │    │     └ <urllib3.connection.HTTPConnection object at 0x76a73e1a2f50>
          │                   │    └ <property object at 0x76a741ad7ec0>
          │                   └ <urllib3.connection.HTTPConnection object at 0x76a73e1a2f50>
          └ <class 'urllib3.exceptions.NameResolutionError'>

urllib3.exceptions.NameResolutionError: <urllib3.connection.HTTPConnection object at 0x76a73e1a2f50>: Failed to resolve 'ollama' ([Errno -3] Temporary failure in name resolution)


The above exception was the direct cause of the following exception:


Traceback (most recent call last):

  File "/usr/local/lib/python3.11/site-packages/requests/adapters.py", line 667, in send
    resp = conn.urlopen(
           │    └ <function HTTPConnectionPool.urlopen at 0x76a741ae5620>
           └ <urllib3.connectionpool.HTTPConnectionPool object at 0x76a73e1cfb50>
  File "/usr/local/lib/python3.11/site-packages/urllib3/connectionpool.py", line 841, in urlopen
    retries = retries.increment(
              │       └ <function Retry.increment at 0x76a741d26b60>
              └ Retry(total=0, connect=None, read=False, redirect=None, status=None)
  File "/usr/local/lib/python3.11/site-packages/urllib3/util/retry.py", line 519, in increment
    raise MaxRetryError(_pool, url, reason) from reason  # type: ignore[arg-type]
          │             │      │    │            └ NameResolutionError("<urllib3.connection.HTTPConnection object at 0x76a73e1a2f50>: Failed to resolve 'ollama' ([Errno -3] Tem...
          │             │      │    └ NameResolutionError("<urllib3.connection.HTTPConnection object at 0x76a73e1a2f50>: Failed to resolve 'ollama' ([Errno -3] Tem...
          │             │      └ '/api/generate'
          │             └ <urllib3.connectionpool.HTTPConnectionPool object at 0x76a73e1cfb50>
          └ <class 'urllib3.exceptions.MaxRetryError'>

urllib3.exceptions.MaxRetryError: HTTPConnectionPool(host='ollama', port=11434): Max retries exceeded with url: /api/generate (Caused by NameResolutionError("<urllib3.connection.HTTPConnection object at 0x76a73e1a2f50>: Failed to resolve 'ollama' ([Errno -3] Temporary failure in name resolution)"))


During handling of the above exception, another exception occurred:


Traceback (most recent call last):

  File "<frozen runpy>", line 198, in _run_module_as_main
  File "<frozen runpy>", line 88, in _run_code

  File "/app/main.py", line 166, in <module>
    main()
    └ <function main at 0x76a73fc9b560>

> File "/app/main.py", line 101, in main
    report = detect_structure_with_llm(candles, pivots, K=2)
             │                         │        └ [{'type': 'L', 'ts': '2025-10-24T07:00', 'price': 111186.48}, {'type': 'L', 'ts': '2025-10-24T07:15', 'price': 111062.98}, {'...
             │                         └ [['2025-10-24T07:00-03:00', 111324.51, 111325.42, 111186.48, 111221.82], ['2025-10-24T07:05-03:00', 111221.81, 111311.7, 1111...
             └ <function detect_structure_with_llm at 0x76a7402bfa60>

  File "/app/structure_oracle.py", line 146, in detect_structure_with_llm
    raw1 = _call(prompt1)
           │     └ '\nYou are a MARKET STRUCTURE annotator for 5-minute candles.\nYour job is to rigorously identify: (1) H/L pivots (fractal K)...
           └ <function detect_structure_with_llm.<locals>._call at 0x76a741dd5e40>

  File "/app/structure_oracle.py", line 132, in _call
    r = requests.post(f"{LLM_URL}/api/generate", json=req, timeout=60)  # era 45
        │        │                                    └ {'model': 'phi:2.7b', 'prompt': '\nYou are a MARKET STRUCTURE annotator for 5-minute candles.\nYour job is to rigorously iden...
        │        └ <function post at 0x76a74196f7e0>
        └ <module 'requests' from '/usr/local/lib/python3.11/site-packages/requests/__init__.py'>

  File "/usr/local/lib/python3.11/site-packages/requests/api.py", line 115, in post
    return request("post", url, data=data, json=json, **kwargs)
           │               │         │          │       └ {'timeout': 60}
           │               │         │          └ {'model': 'phi:2.7b', 'prompt': '\nYou are a MARKET STRUCTURE annotator for 5-minute candles.\nYour job is to rigorously iden...
           │               │         └ None
           │               └ 'http://ollama:11434/api/generate'
           └ <function request at 0x76a741a25080>
  File "/usr/local/lib/python3.11/site-packages/requests/api.py", line 59, in request
    return session.request(method=method, url=url, **kwargs)
           │       │              │           │      └ {'data': None, 'json': {'model': 'phi:2.7b', 'prompt': '\nYou are a MARKET STRUCTURE annotator for 5-minute candles.\nYour jo...
           │       │              │           └ 'http://ollama:11434/api/generate'
           │       │              └ 'post'
           │       └ <function Session.request at 0x76a74196eca0>
           └ <requests.sessions.Session object at 0x76a73e1cecd0>
  File "/usr/local/lib/python3.11/site-packages/requests/sessions.py", line 589, in request
    resp = self.send(prep, **send_kwargs)
           │    │    │       └ {'timeout': 60, 'allow_redirects': True, 'proxies': OrderedDict(), 'stream': False, 'verify': True, 'cert': None}
           │    │    └ <PreparedRequest [POST]>
           │    └ <function Session.send at 0x76a74196f1a0>
           └ <requests.sessions.Session object at 0x76a73e1cecd0>
  File "/usr/local/lib/python3.11/site-packages/requests/sessions.py", line 703, in send
    r = adapter.send(request, **kwargs)
        │       │    │          └ {'timeout': 60, 'proxies': OrderedDict(), 'stream': False, 'verify': True, 'cert': None}
        │       │    └ <PreparedRequest [POST]>
        │       └ <function HTTPAdapter.send at 0x76a74196e520>
        └ <requests.adapters.HTTPAdapter object at 0x76a73e1cd790>
  File "/usr/local/lib/python3.11/site-packages/requests/adapters.py", line 700, in send
    raise ConnectionError(e, request=request)
          │                          └ <PreparedRequest [POST]>
          └ <class 'requests.exceptions.ConnectionError'>

requests.exceptions.ConnectionError: HTTPConnectionPool(host='ollama', port=11434): Max retries exceeded with url: /api/generate (Caused by NameResolutionError("<urllib3.connection.HTTPConnection object at 0x76a73e1a2f50>: Failed to resolve 'ollama' ([Errno -3] Temporary failure in name resolution)"))
2025-10-24 10:25:38.416 | ERROR    | __main__:main:161 - Loop error: HTTPConnectionPool(host='ollama', port=11434): Max retries exceeded with url: /api/generate (Caused by NameResolutionError("<urllib3.connection.HTTPConnection object at 0x76a73daecf50>: Failed to resolve 'ollama' ([Errno -3] Temporary failure in name resolution)"))
Traceback (most recent call last):

  File "/usr/local/lib/python3.11/site-packages/urllib3/connection.py", line 198, in _new_conn
    sock = connection.create_connection(
           │          └ <function create_connection at 0x76a741d24680>
           └ <module 'urllib3.util.connection' from '/usr/local/lib/python3.11/site-packages/urllib3/util/connection.py'>
  File "/usr/local/lib/python3.11/site-packages/urllib3/util/connection.py", line 60, in create_connection
    for res in socket.getaddrinfo(host, port, family, socket.SOCK_STREAM):
               │      │           │     │     │       │      └ <SocketKind.SOCK_STREAM: 1>
               │      │           │     │     │       └ <module 'socket' from '/usr/local/lib/python3.11/socket.py'>
               │      │           │     │     └ <AddressFamily.AF_UNSPEC: 0>
               │      │           │     └ 11434
               │      │           └ 'ollama'
               │      └ <function getaddrinfo at 0x76a742172c00>
               └ <module 'socket' from '/usr/local/lib/python3.11/socket.py'>
  File "/usr/local/lib/python3.11/socket.py", line 974, in getaddrinfo
    for res in _socket.getaddrinfo(host, port, family, type, proto, flags):
               │       │           │     │     │       │     │      └ 0
               │       │           │     │     │       │     └ 0
               │       │           │     │     │       └ <SocketKind.SOCK_STREAM: 1>
               │       │           │     │     └ <AddressFamily.AF_UNSPEC: 0>
               │       │           │     └ 11434
               │       │           └ 'ollama'
               │       └ <built-in function getaddrinfo>
               └ <module '_socket' from '/usr/local/lib/python3.11/lib-dynload/_socket.cpython-311-x86_64-linux-gnu.so'>

socket.gaierror: [Errno -3] Temporary failure in name resolution


The above exception was the direct cause of the following exception:


Traceback (most recent call last):

  File "/usr/local/lib/python3.11/site-packages/urllib3/connectionpool.py", line 787, in urlopen
    response = self._make_request(
               │    └ <function HTTPConnectionPool._make_request at 0x76a741ae5440>
               └ <urllib3.connectionpool.HTTPConnectionPool object at 0x76a73daee990>
  File "/usr/local/lib/python3.11/site-packages/urllib3/connectionpool.py", line 493, in _make_request
    conn.request(
    │    └ <function HTTPConnection.request at 0x76a741ab9260>
    └ <urllib3.connection.HTTPConnection object at 0x76a73daecf50>
  File "/usr/local/lib/python3.11/site-packages/urllib3/connection.py", line 494, in request
    self.endheaders()
    │    └ <function HTTPConnection.endheaders at 0x76a741d19300>
    └ <urllib3.connection.HTTPConnection object at 0x76a73daecf50>
  File "/usr/local/lib/python3.11/http/client.py", line 1298, in endheaders
    self._send_output(message_body, encode_chunked=encode_chunked)
    │    │            │                            └ False
    │    │            └ None
    │    └ <function HTTPConnection._send_output at 0x76a741d18ea0>
    └ <urllib3.connection.HTTPConnection object at 0x76a73daecf50>
  File "/usr/local/lib/python3.11/http/client.py", line 1058, in _send_output
    self.send(msg)
    │    │    └ b'POST /api/generate HTTP/1.1\r\nHost: ollama:11434\r\nUser-Agent: python-requests/2.32.3\r\nAccept-Encoding: gzip, deflate\r...
    │    └ <function HTTPConnection.send at 0x76a741d18cc0>
    └ <urllib3.connection.HTTPConnection object at 0x76a73daecf50>
  File "/usr/local/lib/python3.11/http/client.py", line 996, in send
    self.connect()
    │    └ <function HTTPConnection.connect at 0x76a741ab8cc0>
    └ <urllib3.connection.HTTPConnection object at 0x76a73daecf50>
  File "/usr/local/lib/python3.11/site-packages/urllib3/connection.py", line 325, in connect
    self.sock = self._new_conn()
    │    │      │    └ <function HTTPConnection._new_conn at 0x76a741ab8b80>
    │    │      └ <urllib3.connection.HTTPConnection object at 0x76a73daecf50>
    │    └ None
    └ <urllib3.connection.HTTPConnection object at 0x76a73daecf50>
  File "/usr/local/lib/python3.11/site-packages/urllib3/connection.py", line 205, in _new_conn
    raise NameResolutionError(self.host, self, e) from e
          │                   │    │     └ <urllib3.connection.HTTPConnection object at 0x76a73daecf50>
          │                   │    └ <property object at 0x76a741ad7ec0>
          │                   └ <urllib3.connection.HTTPConnection object at 0x76a73daecf50>
          └ <class 'urllib3.exceptions.NameResolutionError'>

urllib3.exceptions.NameResolutionError: <urllib3.connection.HTTPConnection object at 0x76a73daecf50>: Failed to resolve 'ollama' ([Errno -3] Temporary failure in name resolution)


The above exception was the direct cause of the following exception:


Traceback (most recent call last):

  File "/usr/local/lib/python3.11/site-packages/requests/adapters.py", line 667, in send
    resp = conn.urlopen(
           │    └ <function HTTPConnectionPool.urlopen at 0x76a741ae5620>
           └ <urllib3.connectionpool.HTTPConnectionPool object at 0x76a73daee990>
  File "/usr/local/lib/python3.11/site-packages/urllib3/connectionpool.py", line 841, in urlopen
    retries = retries.increment(
              │       └ <function Retry.increment at 0x76a741d26b60>
              └ Retry(total=0, connect=None, read=False, redirect=None, status=None)
  File "/usr/local/lib/python3.11/site-packages/urllib3/util/retry.py", line 519, in increment
    raise MaxRetryError(_pool, url, reason) from reason  # type: ignore[arg-type]
          │             │      │    │            └ NameResolutionError("<urllib3.connection.HTTPConnection object at 0x76a73daecf50>: Failed to resolve 'ollama' ([Errno -3] Tem...
          │             │      │    └ NameResolutionError("<urllib3.connection.HTTPConnection object at 0x76a73daecf50>: Failed to resolve 'ollama' ([Errno -3] Tem...
          │             │      └ '/api/generate'
          │             └ <urllib3.connectionpool.HTTPConnectionPool object at 0x76a73daee990>
          └ <class 'urllib3.exceptions.MaxRetryError'>

urllib3.exceptions.MaxRetryError: HTTPConnectionPool(host='ollama', port=11434): Max retries exceeded with url: /api/generate (Caused by NameResolutionError("<urllib3.connection.HTTPConnection object at 0x76a73daecf50>: Failed to resolve 'ollama' ([Errno -3] Temporary failure in name resolution)"))


During handling of the above exception, another exception occurred:


Traceback (most recent call last):

  File "<frozen runpy>", line 198, in _run_module_as_main
  File "<frozen runpy>", line 88, in _run_code

  File "/app/main.py", line 166, in <module>
    main()
    └ <function main at 0x76a73fc9b560>

> File "/app/main.py", line 101, in main
    report = detect_structure_with_llm(candles, pivots, K=2)
             │                         │        └ [{'type': 'L', 'ts': '2025-10-24T07:15', 'price': 111062.98}, {'type': 'L', 'ts': '2025-10-24T08:00', 'price': 111073.04}, {'...
             │                         └ [['2025-10-24T07:05-03:00', 111221.81, 111311.7, 111186.5, 111300.79], ['2025-10-24T07:10-03:00', 111300.78, 111822.46, 11126...
             └ <function detect_structure_with_llm at 0x76a7402bfa60>

  File "/app/structure_oracle.py", line 146, in detect_structure_with_llm
    raw1 = _call(prompt1)
           │     └ '\nYou are a MARKET STRUCTURE annotator for 5-minute candles.\nYour job is to rigorously identify: (1) H/L pivots (fractal K)...
           └ <function detect_structure_with_llm.<locals>._call at 0x76a74586d6c0>

  File "/app/structure_oracle.py", line 132, in _call
    r = requests.post(f"{LLM_URL}/api/generate", json=req, timeout=60)  # era 45
        │        │                                    └ {'model': 'phi:2.7b', 'prompt': '\nYou are a MARKET STRUCTURE annotator for 5-minute candles.\nYour job is to rigorously iden...
        │        └ <function post at 0x76a74196f7e0>
        └ <module 'requests' from '/usr/local/lib/python3.11/site-packages/requests/__init__.py'>

  File "/usr/local/lib/python3.11/site-packages/requests/api.py", line 115, in post
    return request("post", url, data=data, json=json, **kwargs)
           │               │         │          │       └ {'timeout': 60}
           │               │         │          └ {'model': 'phi:2.7b', 'prompt': '\nYou are a MARKET STRUCTURE annotator for 5-minute candles.\nYour job is to rigorously iden...
           │               │         └ None
           │               └ 'http://ollama:11434/api/generate'
           └ <function request at 0x76a741a25080>
  File "/usr/local/lib/python3.11/site-packages/requests/api.py", line 59, in request
    return session.request(method=method, url=url, **kwargs)
           │       │              │           │      └ {'data': None, 'json': {'model': 'phi:2.7b', 'prompt': '\nYou are a MARKET STRUCTURE annotator for 5-minute candles.\nYour jo...
           │       │              │           └ 'http://ollama:11434/api/generate'
           │       │              └ 'post'
           │       └ <function Session.request at 0x76a74196eca0>
           └ <requests.sessions.Session object at 0x76a73e925550>
  File "/usr/local/lib/python3.11/site-packages/requests/sessions.py", line 589, in request
    resp = self.send(prep, **send_kwargs)
           │    │    │       └ {'timeout': 60, 'allow_redirects': True, 'proxies': OrderedDict(), 'stream': False, 'verify': True, 'cert': None}
           │    │    └ <PreparedRequest [POST]>
           │    └ <function Session.send at 0x76a74196f1a0>
           └ <requests.sessions.Session object at 0x76a73e925550>
  File "/usr/local/lib/python3.11/site-packages/requests/sessions.py", line 703, in send
    r = adapter.send(request, **kwargs)
        │       │    │          └ {'timeout': 60, 'proxies': OrderedDict(), 'stream': False, 'verify': True, 'cert': None}
        │       │    └ <PreparedRequest [POST]>
        │       └ <function HTTPAdapter.send at 0x76a74196e520>
        └ <requests.adapters.HTTPAdapter object at 0x76a73daee9d0>
  File "/usr/local/lib/python3.11/site-packages/requests/adapters.py", line 700, in send
    raise ConnectionError(e, request=request)
          │                          └ <PreparedRequest [POST]>
          └ <class 'requests.exceptions.ConnectionError'>

requests.exceptions.ConnectionError: HTTPConnectionPool(host='ollama', port=11434): Max retries exceeded with url: /api/generate (Caused by NameResolutionError("<urllib3.connection.HTTPConnection object at 0x76a73daecf50>: Failed to resolve 'ollama' ([Errno -3] Temporary failure in name resolution)"))
2025-10-24 10:29:20.555 | INFO     | __main__:main:46 - florencia-ai iniciado | BTC/USDT 5m | PAPER=True
2025-10-24 10:29:30.107 | ERROR    | __main__:main:161 - Loop error: ('Connection aborted.', RemoteDisconnected('Remote end closed connection without response'))
Traceback (most recent call last):

  File "/usr/local/lib/python3.11/site-packages/urllib3/connectionpool.py", line 787, in urlopen
    response = self._make_request(
               │    └ <function HTTPConnectionPool._make_request at 0x708a7c4ad440>
               └ <urllib3.connectionpool.HTTPConnectionPool object at 0x708a78bdb490>
  File "/usr/local/lib/python3.11/site-packages/urllib3/connectionpool.py", line 534, in _make_request
    response = conn.getresponse()
               │    └ <function HTTPConnection.getresponse at 0x708a7c49d3a0>
               └ <urllib3.connection.HTTPConnection object at 0x708a78b86d10>
  File "/usr/local/lib/python3.11/site-packages/urllib3/connection.py", line 565, in getresponse
    httplib_response = super().getresponse()
  File "/usr/local/lib/python3.11/http/client.py", line 1395, in getresponse
    response.begin()
    │        └ <function HTTPResponse.begin at 0x708a7c8f74c0>
    └ <http.client.HTTPResponse object at 0x708a7a540100>
  File "/usr/local/lib/python3.11/http/client.py", line 325, in begin
    version, status, reason = self._read_status()
                              │    └ <function HTTPResponse._read_status at 0x708a7c8f7420>
                              └ <http.client.HTTPResponse object at 0x708a7a540100>
  File "/usr/local/lib/python3.11/http/client.py", line 294, in _read_status
    raise RemoteDisconnected("Remote end closed connection without"
          └ <class 'http.client.RemoteDisconnected'>

http.client.RemoteDisconnected: Remote end closed connection without response


During handling of the above exception, another exception occurred:


Traceback (most recent call last):

  File "/usr/local/lib/python3.11/site-packages/requests/adapters.py", line 667, in send
    resp = conn.urlopen(
           │    └ <function HTTPConnectionPool.urlopen at 0x708a7c4ad620>
           └ <urllib3.connectionpool.HTTPConnectionPool object at 0x708a78bdb490>
  File "/usr/local/lib/python3.11/site-packages/urllib3/connectionpool.py", line 841, in urlopen
    retries = retries.increment(
              │       └ <function Retry.increment at 0x708a7c72eb60>
              └ Retry(total=0, connect=None, read=False, redirect=None, status=None)
  File "/usr/local/lib/python3.11/site-packages/urllib3/util/retry.py", line 474, in increment
    raise reraise(type(error), error, _stacktrace)
          │            │       │      └ <traceback object at 0x708a78bdbbc0>
          │            │       └ ProtocolError('Connection aborted.', RemoteDisconnected('Remote end closed connection without response'))
          │            └ ProtocolError('Connection aborted.', RemoteDisconnected('Remote end closed connection without response'))
          └ <function reraise at 0x708a7c72d300>
  File "/usr/local/lib/python3.11/site-packages/urllib3/util/util.py", line 38, in reraise
    raise value.with_traceback(tb)
          │                    └ None
          └ None
  File "/usr/local/lib/python3.11/site-packages/urllib3/connectionpool.py", line 787, in urlopen
    response = self._make_request(
               │    └ <function HTTPConnectionPool._make_request at 0x708a7c4ad440>
               └ <urllib3.connectionpool.HTTPConnectionPool object at 0x708a78bdb490>
  File "/usr/local/lib/python3.11/site-packages/urllib3/connectionpool.py", line 534, in _make_request
    response = conn.getresponse()
               │    └ <function HTTPConnection.getresponse at 0x708a7c49d3a0>
               └ <urllib3.connection.HTTPConnection object at 0x708a78b86d10>
  File "/usr/local/lib/python3.11/site-packages/urllib3/connection.py", line 565, in getresponse
    httplib_response = super().getresponse()
  File "/usr/local/lib/python3.11/http/client.py", line 1395, in getresponse
    response.begin()
    │        └ <function HTTPResponse.begin at 0x708a7c8f74c0>
    └ <http.client.HTTPResponse object at 0x708a7a540100>
  File "/usr/local/lib/python3.11/http/client.py", line 325, in begin
    version, status, reason = self._read_status()
                              │    └ <function HTTPResponse._read_status at 0x708a7c8f7420>
                              └ <http.client.HTTPResponse object at 0x708a7a540100>
  File "/usr/local/lib/python3.11/http/client.py", line 294, in _read_status
    raise RemoteDisconnected("Remote end closed connection without"
          └ <class 'http.client.RemoteDisconnected'>

urllib3.exceptions.ProtocolError: ('Connection aborted.', RemoteDisconnected('Remote end closed connection without response'))


During handling of the above exception, another exception occurred:


Traceback (most recent call last):

  File "<frozen runpy>", line 198, in _run_module_as_main
  File "<frozen runpy>", line 88, in _run_code

  File "/app/main.py", line 166, in <module>
    main()
    └ <function main at 0x708a7a663560>

> File "/app/main.py", line 101, in main
    report = detect_structure_with_llm(candles, pivots, K=2)
             │                         │        └ [{'type': 'L', 'ts': '2025-10-24T07:15', 'price': 111062.98}, {'type': 'L', 'ts': '2025-10-24T08:00', 'price': 111073.04}, {'...
             │                         └ [['2025-10-24T07:05-03:00', 111221.81, 111311.7, 111186.5, 111300.79], ['2025-10-24T07:10-03:00', 111300.78, 111822.46, 11126...
             └ <function detect_structure_with_llm at 0x708a7ac5fa60>

  File "/app/structure_oracle.py", line 146, in detect_structure_with_llm
    raw1 = _call(prompt1)
           │     └ '\nYou are a MARKET STRUCTURE annotator for 5-minute candles.\nYour job is to rigorously identify: (1) H/L pivots (fractal K)...
           └ <function detect_structure_with_llm.<locals>._call at 0x708a7c7d5e40>

  File "/app/structure_oracle.py", line 132, in _call
    r = requests.post(f"{LLM_URL}/api/generate", json=req, timeout=60)  # era 45
        │        │                                    └ {'model': 'phi:2.7b', 'prompt': '\nYou are a MARKET STRUCTURE annotator for 5-minute candles.\nYour job is to rigorously iden...
        │        └ <function post at 0x708a7c3377e0>
        └ <module 'requests' from '/usr/local/lib/python3.11/site-packages/requests/__init__.py'>

  File "/usr/local/lib/python3.11/site-packages/requests/api.py", line 115, in post
    return request("post", url, data=data, json=json, **kwargs)
           │               │         │          │       └ {'timeout': 60}
           │               │         │          └ {'model': 'phi:2.7b', 'prompt': '\nYou are a MARKET STRUCTURE annotator for 5-minute candles.\nYour job is to rigorously iden...
           │               │         └ None
           │               └ 'http://florencia-ai-ollama:11434/api/generate'
           └ <function request at 0x708a7c3f1080>
  File "/usr/local/lib/python3.11/site-packages/requests/api.py", line 59, in request
    return session.request(method=method, url=url, **kwargs)
           │       │              │           │      └ {'data': None, 'json': {'model': 'phi:2.7b', 'prompt': '\nYou are a MARKET STRUCTURE annotator for 5-minute candles.\nYour jo...
           │       │              │           └ 'http://florencia-ai-ollama:11434/api/generate'
           │       │              └ 'post'
           │       └ <function Session.request at 0x708a7c336ca0>
           └ <requests.sessions.Session object at 0x708a78bdb9d0>
  File "/usr/local/lib/python3.11/site-packages/requests/sessions.py", line 589, in request
    resp = self.send(prep, **send_kwargs)
           │    │    │       └ {'timeout': 60, 'allow_redirects': True, 'proxies': OrderedDict(), 'stream': False, 'verify': True, 'cert': None}
           │    │    └ <PreparedRequest [POST]>
           │    └ <function Session.send at 0x708a7c3371a0>
           └ <requests.sessions.Session object at 0x708a78bdb9d0>
  File "/usr/local/lib/python3.11/site-packages/requests/sessions.py", line 703, in send
    r = adapter.send(request, **kwargs)
        │       │    │          └ {'timeout': 60, 'proxies': OrderedDict(), 'stream': False, 'verify': True, 'cert': None}
        │       │    └ <PreparedRequest [POST]>
        │       └ <function HTTPAdapter.send at 0x708a7c336520>
        └ <requests.adapters.HTTPAdapter object at 0x708a78bb50d0>
  File "/usr/local/lib/python3.11/site-packages/requests/adapters.py", line 682, in send
    raise ConnectionError(err, request=request)
          │                            └ <PreparedRequest [POST]>
          └ <class 'requests.exceptions.ConnectionError'>

requests.exceptions.ConnectionError: ('Connection aborted.', RemoteDisconnected('Remote end closed connection without response'))
2025-10-24 10:29:42.980 | INFO     | __main__:main:46 - florencia-ai iniciado | BTC/USDT 5m | PAPER=True
2025-10-24 10:31:21.710 | INFO     | __main__:main:155 - Sin ChoCH válido | trend=SIDEWAYS | conf=0.00
2025-10-24 10:31:21.710 | INFO     | __main__:main:158 - PnL realizado (exchange-managed aprox): 0.00
2025-10-24 10:31:58.241 | INFO     | __main__:main:46 - florencia-ai iniciado | BTC/USDT 5m | PAPER=True
2025-10-24 10:32:17.032 | ERROR    | __main__:main:161 - Loop error: ('Connection aborted.', RemoteDisconnected('Remote end closed connection without response'))
Traceback (most recent call last):

  File "/usr/local/lib/python3.11/site-packages/urllib3/connectionpool.py", line 787, in urlopen
    response = self._make_request(
               │    └ <function HTTPConnectionPool._make_request at 0x7eae26b29440>
               └ <urllib3.connectionpool.HTTPConnectionPool object at 0x7eae2403ee50>
  File "/usr/local/lib/python3.11/site-packages/urllib3/connectionpool.py", line 534, in _make_request
    response = conn.getresponse()
               │    └ <function HTTPConnection.getresponse at 0x7eae26b193a0>
               └ <urllib3.connection.HTTPConnection object at 0x7eae241c6390>
  File "/usr/local/lib/python3.11/site-packages/urllib3/connection.py", line 565, in getresponse
    httplib_response = super().getresponse()
  File "/usr/local/lib/python3.11/http/client.py", line 1395, in getresponse
    response.begin()
    │        └ <function HTTPResponse.begin at 0x7eae26d674c0>
    └ <http.client.HTTPResponse object at 0x7eae23c000d0>
  File "/usr/local/lib/python3.11/http/client.py", line 325, in begin
    version, status, reason = self._read_status()
                              │    └ <function HTTPResponse._read_status at 0x7eae26d67420>
                              └ <http.client.HTTPResponse object at 0x7eae23c000d0>
  File "/usr/local/lib/python3.11/http/client.py", line 294, in _read_status
    raise RemoteDisconnected("Remote end closed connection without"
          └ <class 'http.client.RemoteDisconnected'>

http.client.RemoteDisconnected: Remote end closed connection without response


During handling of the above exception, another exception occurred:


Traceback (most recent call last):

  File "/usr/local/lib/python3.11/site-packages/requests/adapters.py", line 667, in send
    resp = conn.urlopen(
           │    └ <function HTTPConnectionPool.urlopen at 0x7eae26b29620>
           └ <urllib3.connectionpool.HTTPConnectionPool object at 0x7eae2403ee50>
  File "/usr/local/lib/python3.11/site-packages/urllib3/connectionpool.py", line 841, in urlopen
    retries = retries.increment(
              │       └ <function Retry.increment at 0x7eae26dc2b60>
              └ Retry(total=0, connect=None, read=False, redirect=None, status=None)
  File "/usr/local/lib/python3.11/site-packages/urllib3/util/retry.py", line 474, in increment
    raise reraise(type(error), error, _stacktrace)
          │            │       │      └ <traceback object at 0x7eae2403f500>
          │            │       └ ProtocolError('Connection aborted.', RemoteDisconnected('Remote end closed connection without response'))
          │            └ ProtocolError('Connection aborted.', RemoteDisconnected('Remote end closed connection without response'))
          └ <function reraise at 0x7eae26dc1300>
  File "/usr/local/lib/python3.11/site-packages/urllib3/util/util.py", line 38, in reraise
    raise value.with_traceback(tb)
          │                    └ None
          └ None
  File "/usr/local/lib/python3.11/site-packages/urllib3/connectionpool.py", line 787, in urlopen
    response = self._make_request(
               │    └ <function HTTPConnectionPool._make_request at 0x7eae26b29440>
               └ <urllib3.connectionpool.HTTPConnectionPool object at 0x7eae2403ee50>
  File "/usr/local/lib/python3.11/site-packages/urllib3/connectionpool.py", line 534, in _make_request
    response = conn.getresponse()
               │    └ <function HTTPConnection.getresponse at 0x7eae26b193a0>
               └ <urllib3.connection.HTTPConnection object at 0x7eae241c6390>
  File "/usr/local/lib/python3.11/site-packages/urllib3/connection.py", line 565, in getresponse
    httplib_response = super().getresponse()
  File "/usr/local/lib/python3.11/http/client.py", line 1395, in getresponse
    response.begin()
    │        └ <function HTTPResponse.begin at 0x7eae26d674c0>
    └ <http.client.HTTPResponse object at 0x7eae23c000d0>
  File "/usr/local/lib/python3.11/http/client.py", line 325, in begin
    version, status, reason = self._read_status()
                              │    └ <function HTTPResponse._read_status at 0x7eae26d67420>
                              └ <http.client.HTTPResponse object at 0x7eae23c000d0>
  File "/usr/local/lib/python3.11/http/client.py", line 294, in _read_status
    raise RemoteDisconnected("Remote end closed connection without"
          └ <class 'http.client.RemoteDisconnected'>

urllib3.exceptions.ProtocolError: ('Connection aborted.', RemoteDisconnected('Remote end closed connection without response'))


During handling of the above exception, another exception occurred:


Traceback (most recent call last):

  File "<frozen runpy>", line 198, in _run_module_as_main
  File "<frozen runpy>", line 88, in _run_code

  File "/app/main.py", line 166, in <module>
    main()
    └ <function main at 0x7eae24c93560>

> File "/app/main.py", line 101, in main
    report = detect_structure_with_llm(candles, pivots, K=2)
             │                         │        └ [{'type': 'L', 'ts': '2025-10-24T08:00', 'price': 111073.04}, {'type': 'H', 'ts': '2025-10-24T08:10', 'price': 111267.99}, {'...
             │                         └ [['2025-10-24T08:00-03:00', 111114.03, 111146.8, 111073.04, 111146.79], ['2025-10-24T08:05-03:00', 111146.79, 111171.68, 1111...
             └ <function detect_structure_with_llm at 0x7eae252c7a60>

  File "/app/structure_oracle.py", line 117, in detect_structure_with_llm
    raw1 = _call(prompt1)
           │     └ '\nYou are a MARKET STRUCTURE annotator for 5-minute candles.\nIdentify: (1) H/L pivots (fractal K), (2) trend (UP/DOWN/SIDEW...
           └ <function detect_structure_with_llm.<locals>._call at 0x7eae26e49e40>

  File "/app/structure_oracle.py", line 103, in _call
    r = requests.post(f"{LLM_URL}/api/generate", json=req, timeout=90)  # era 60
        │        │                                    └ {'model': 'phi:2.7b', 'prompt': '\nYou are a MARKET STRUCTURE annotator for 5-minute candles.\nIdentify: (1) H/L pivots (frac...
        │        └ <function post at 0x7eae269af7e0>
        └ <module 'requests' from '/usr/local/lib/python3.11/site-packages/requests/__init__.py'>

  File "/usr/local/lib/python3.11/site-packages/requests/api.py", line 115, in post
    return request("post", url, data=data, json=json, **kwargs)
           │               │         │          │       └ {'timeout': 60}
           │               │         │          └ {'model': 'phi:2.7b', 'prompt': '\nYou are a MARKET STRUCTURE annotator for 5-minute candles.\nIdentify: (1) H/L pivots (frac...
           │               │         └ None
           │               └ 'http://florencia-ai-ollama:11434/api/generate'
           └ <function request at 0x7eae26a61080>
  File "/usr/local/lib/python3.11/site-packages/requests/api.py", line 59, in request
    return session.request(method=method, url=url, **kwargs)
           │       │              │           │      └ {'data': None, 'json': {'model': 'phi:2.7b', 'prompt': '\nYou are a MARKET STRUCTURE annotator for 5-minute candles.\nIdentif...
           │       │              │           └ 'http://florencia-ai-ollama:11434/api/generate'
           │       │              └ 'post'
           │       └ <function Session.request at 0x7eae269aeca0>
           └ <requests.sessions.Session object at 0x7eae2403ce10>
  File "/usr/local/lib/python3.11/site-packages/requests/sessions.py", line 589, in request
    resp = self.send(prep, **send_kwargs)
           │    │    │       └ {'timeout': 60, 'allow_redirects': True, 'proxies': OrderedDict(), 'stream': False, 'verify': True, 'cert': None}
           │    │    └ <PreparedRequest [POST]>
           │    └ <function Session.send at 0x7eae269af1a0>
           └ <requests.sessions.Session object at 0x7eae2403ce10>
  File "/usr/local/lib/python3.11/site-packages/requests/sessions.py", line 703, in send
    r = adapter.send(request, **kwargs)
        │       │    │          └ {'timeout': 60, 'proxies': OrderedDict(), 'stream': False, 'verify': True, 'cert': None}
        │       │    └ <PreparedRequest [POST]>
        │       └ <function HTTPAdapter.send at 0x7eae269ae520>
        └ <requests.adapters.HTTPAdapter object at 0x7eae2401d3d0>
  File "/usr/local/lib/python3.11/site-packages/requests/adapters.py", line 682, in send
    raise ConnectionError(err, request=request)
          │                            └ <PreparedRequest [POST]>
          └ <class 'requests.exceptions.ConnectionError'>

requests.exceptions.ConnectionError: ('Connection aborted.', RemoteDisconnected('Remote end closed connection without response'))
2025-10-24 10:32:28.979 | INFO     | __main__:main:46 - florencia-ai iniciado | BTC/USDT 5m | PAPER=True
2025-10-24 10:33:13.410 | INFO     | __main__:main:155 - Sin ChoCH válido | trend=SIDEWAYS | conf=0.00
2025-10-24 10:33:13.410 | INFO     | __main__:main:158 - PnL realizado (exchange-managed aprox): 0.00
2025-10-24 10:35:09.123 | INFO     | __main__:main:46 - florencia-ai iniciado | BTC/USDT 5m | PAPER=True
2025-10-24 10:35:55.187 | INFO     | __main__:main:155 - Sin ChoCH válido | trend=SIDEWAYS | conf=0.00
2025-10-24 10:35:55.187 | INFO     | __main__:main:158 - PnL realizado (exchange-managed aprox): 0.00
2025-10-24 10:40:45.659 | INFO     | __main__:main:46 - florencia-ai iniciado | BTC/USDT 5m | PAPER=True
2025-10-24 10:41:20.577 | INFO     | __main__:main:46 - florencia-ai iniciado | BTC/USDT 5m | PAPER=True
2025-10-24 10:43:10.106 | INFO     | __main__:main:46 - florencia-ai iniciado | BTC/USDT 5m | PAPER=True
2025-10-24 10:43:54.988 | INFO     | __main__:main:46 - florencia-ai iniciado | BTC/USDT 5m | PAPER=True
2025-10-24 10:44:18.200 | INFO     | __main__:main:155 - Sin ChoCH válido | trend=SIDEWAYS | conf=0.00
2025-10-24 10:44:18.200 | INFO     | __main__:main:158 - PnL realizado (exchange-managed aprox): 0.00
2025-10-24 10:44:55.189 | INFO     | __main__:main:46 - florencia-ai iniciado | BTC/USDT 5m | PAPER=True
2025-10-24 10:45:35.367 | INFO     | __main__:main:155 - Sin ChoCH válido | trend=SIDEWAYS | conf=0.00
2025-10-24 10:45:35.368 | INFO     | __main__:main:158 - PnL realizado (exchange-managed aprox): 0.00
2025-10-24 10:47:16.662 | INFO     | __main__:main:155 - Sin ChoCH válido | trend=SIDEWAYS | conf=0.00
2025-10-24 10:47:16.662 | INFO     | __main__:main:158 - PnL realizado (exchange-managed aprox): 0.00
2025-10-24 10:50:55.895 | INFO     | __main__:main:155 - Sin ChoCH válido | trend=SIDEWAYS | conf=0.00
2025-10-24 10:50:55.895 | INFO     | __main__:main:158 - PnL realizado (exchange-managed aprox): 0.00
2025-10-24 10:56:39.945 | INFO     | __main__:main:155 - Sin ChoCH válido | trend=SIDEWAYS | conf=0.00
2025-10-24 10:56:39.946 | INFO     | __main__:main:158 - PnL realizado (exchange-managed aprox): 0.00
2025-10-24 11:02:25.088 | INFO     | __main__:main:155 - Sin ChoCH válido | trend=SIDEWAYS | conf=0.00
2025-10-24 11:02:25.089 | INFO     | __main__:main:158 - PnL realizado (exchange-managed aprox): 0.00
2025-10-24 11:06:05.996 | INFO     | __main__:main:155 - Sin ChoCH válido | trend=SIDEWAYS | conf=0.00
2025-10-24 11:06:05.996 | INFO     | __main__:main:158 - PnL realizado (exchange-managed aprox): 0.00
2025-10-24 11:11:50.815 | INFO     | __main__:main:155 - Sin ChoCH válido | trend=SIDEWAYS | conf=0.00
2025-10-24 11:11:50.815 | INFO     | __main__:main:158 - PnL realizado (exchange-managed aprox): 0.00
2025-10-24 11:17:34.155 | INFO     | __main__:main:155 - Sin ChoCH válido | trend=SIDEWAYS | conf=0.00
2025-10-24 11:17:34.155 | INFO     | __main__:main:158 - PnL realizado (exchange-managed aprox): 0.00
2025-10-24 11:21:14.256 | INFO     | __main__:main:155 - Sin ChoCH válido | trend=SIDEWAYS | conf=0.00
2025-10-24 11:21:14.257 | INFO     | __main__:main:158 - PnL realizado (exchange-managed aprox): 0.00
2025-10-24 11:26:56.916 | INFO     | __main__:main:155 - Sin ChoCH válido | trend=SIDEWAYS | conf=0.00
2025-10-24 11:26:56.916 | INFO     | __main__:main:158 - PnL realizado (exchange-managed aprox): 0.00
2025-10-24 11:32:39.822 | ERROR    | __main__:main:161 - Loop error: name 'logger' is not defined
Traceback (most recent call last):

  File "/app/structure_oracle.py", line 85, in detect_structure_with_llm
    return StructureReport.model_validate(data)
           │               │              └ {'trend': 'SIDEWAYS', 'last_swings': [], 'choch': {'detected': False, 'direction': None, 'broken_level_type': None, 'broken_l...
           │               └ <classmethod(<function BaseModel.model_validate at 0x70bb2fd4b560>)>
           └ <class 'structure_schema.StructureReport'>

  File "/usr/local/lib/python3.11/site-packages/pydantic/main.py", line 568, in model_validate
    return cls.__pydantic_validator__.validate_python(
           │   │                      └ <method 'validate_python' of 'pydantic_core._pydantic_core.SchemaValidator' objects>
           │   └ SchemaValidator(title="StructureReport", validator=Model(
           │         ModelValidator {
           │             revalidate: Never,
           │             validator: ...
           └ <class 'structure_schema.StructureReport'>

pydantic_core._pydantic_core.ValidationError: 1 validation error for StructureReport
confidence
  Field required [type=missing, input_value={'trend': 'SIDEWAYS', 'la...e': False, 'notes': ''}}, input_type=dict]
    For further information visit https://errors.pydantic.dev/2.8/v/missing


During handling of the above exception, another exception occurred:


Traceback (most recent call last):

  File "<frozen runpy>", line 198, in _run_module_as_main
  File "<frozen runpy>", line 88, in _run_code

  File "/app/main.py", line 166, in <module>
    main()
    └ <function main at 0x70bb2fbef560>

> File "/app/main.py", line 101, in main
    report = detect_structure_with_llm(candles, pivots, K=2)
             │                         │        └ [{'type': 'L', 'ts': '2025-10-24T10:15', 'price': 111160.0}, {'type': 'L', 'ts': '2025-10-24T10:40', 'price': 110231.0}, {'ty...
             │                         └ [['2025-10-24T10:15-03:00', 111205.38, 111394.72, 111160.0, 111302.76], ['2025-10-24T10:20-03:00', 111302.76, 111391.68, 1112...
             └ <function detect_structure_with_llm at 0x70bb3022b9c0>

  File "/app/structure_oracle.py", line 88, in detect_structure_with_llm
    logger.warning(f"JSON parse error: {str(e1)[:100]}")

NameError: name 'logger' is not defined
2025-10-24 11:36:19.883 | INFO     | __main__:main:155 - Sin ChoCH válido | trend=SIDEWAYS | conf=0.00
2025-10-24 11:36:19.884 | INFO     | __main__:main:158 - PnL realizado (exchange-managed aprox): 0.00
2025-10-24 11:42:02.395 | ERROR    | __main__:main:161 - Loop error: name 'logger' is not defined
Traceback (most recent call last):

  File "/app/structure_oracle.py", line 85, in detect_structure_with_llm
    return StructureReport.model_validate(data)
           │               │              └ {'trend': 'SIDEWAYS', 'last_swings': [], 'choch': {'detected': False, 'direction': None, 'broken_level_type': None, 'broken_l...
           │               └ <classmethod(<function BaseModel.model_validate at 0x70bb2fd4b560>)>
           └ <class 'structure_schema.StructureReport'>

  File "/usr/local/lib/python3.11/site-packages/pydantic/main.py", line 568, in model_validate
    return cls.__pydantic_validator__.validate_python(
           │   │                      └ <method 'validate_python' of 'pydantic_core._pydantic_core.SchemaValidator' objects>
           │   └ SchemaValidator(title="StructureReport", validator=Model(
           │         ModelValidator {
           │             revalidate: Never,
           │             validator: ...
           └ <class 'structure_schema.StructureReport'>

pydantic_core._pydantic_core.ValidationError: 1 validation error for StructureReport
confidence
  Field required [type=missing, input_value={'trend': 'SIDEWAYS', 'la...e': False, 'notes': ''}}, input_type=dict]
    For further information visit https://errors.pydantic.dev/2.8/v/missing


During handling of the above exception, another exception occurred:


Traceback (most recent call last):

  File "<frozen runpy>", line 198, in _run_module_as_main
  File "<frozen runpy>", line 88, in _run_code

  File "/app/main.py", line 166, in <module>
    main()
    └ <function main at 0x70bb2fbef560>

> File "/app/main.py", line 101, in main
    report = detect_structure_with_llm(candles, pivots, K=2)
             │                         │        └ [{'type': 'L', 'ts': '2025-10-24T10:40', 'price': 110231.0}, {'type': 'H', 'ts': '2025-10-24T10:55', 'price': 110938.57}, {'t...
             │                         └ [['2025-10-24T10:25-03:00', 111331.96, 111331.96, 111241.37, 111247.3], ['2025-10-24T10:30-03:00', 111236.22, 111308.58, 1110...
             └ <function detect_structure_with_llm at 0x70bb3022b9c0>

  File "/app/structure_oracle.py", line 88, in detect_structure_with_llm
    logger.warning(f"JSON parse error: {str(e1)[:100]}")

NameError: name 'logger' is not defined
2025-10-24 11:45:43.966 | INFO     | __main__:main:155 - Sin ChoCH válido | trend=SIDEWAYS | conf=0.00
2025-10-24 11:45:43.966 | INFO     | __main__:main:158 - PnL realizado (exchange-managed aprox): 0.00
2025-10-24 11:51:29.138 | INFO     | __main__:main:155 - Sin ChoCH válido | trend=SIDEWAYS | conf=0.00
2025-10-24 11:51:29.139 | INFO     | __main__:main:158 - PnL realizado (exchange-managed aprox): 0.00
2025-10-24 11:57:15.477 | INFO     | __main__:main:155 - Sin ChoCH válido | trend=SIDEWAYS | conf=0.00
2025-10-24 11:57:15.478 | INFO     | __main__:main:158 - PnL realizado (exchange-managed aprox): 0.00
2025-10-24 12:00:56.421 | INFO     | __main__:main:155 - Sin ChoCH válido | trend=SIDEWAYS | conf=0.00
2025-10-24 12:00:56.421 | INFO     | __main__:main:158 - PnL realizado (exchange-managed aprox): 0.00
2025-10-24 12:06:39.280 | INFO     | __main__:main:155 - Sin ChoCH válido | trend=SIDEWAYS | conf=0.00
2025-10-24 12:06:39.280 | INFO     | __main__:main:158 - PnL realizado (exchange-managed aprox): 0.00
2025-10-24 12:12:21.680 | INFO     | __main__:main:155 - Sin ChoCH válido | trend=SIDEWAYS | conf=0.00
2025-10-24 12:12:21.681 | INFO     | __main__:main:158 - PnL realizado (exchange-managed aprox): 0.00
2025-10-24 12:16:01.586 | INFO     | __main__:main:155 - Sin ChoCH válido | trend=SIDEWAYS | conf=0.00
2025-10-24 12:16:01.586 | INFO     | __main__:main:158 - PnL realizado (exchange-managed aprox): 0.00
2025-10-24 12:21:41.014 | INFO     | __main__:main:155 - Sin ChoCH válido | trend=SIDEWAYS | conf=0.00
2025-10-24 12:21:41.014 | INFO     | __main__:main:158 - PnL realizado (exchange-managed aprox): 0.00
2025-10-24 12:27:23.224 | INFO     | __main__:main:155 - Sin ChoCH válido | trend=SIDEWAYS | conf=0.00
2025-10-24 12:27:23.224 | INFO     | __main__:main:158 - PnL realizado (exchange-managed aprox): 0.00
2025-10-24 12:31:01.936 | INFO     | __main__:main:155 - Sin ChoCH válido | trend=SIDEWAYS | conf=0.00
2025-10-24 12:31:01.936 | INFO     | __main__:main:158 - PnL realizado (exchange-managed aprox): 0.00
2025-10-24 12:36:43.231 | INFO     | __main__:main:155 - Sin ChoCH válido | trend=SIDEWAYS | conf=0.00
2025-10-24 12:36:43.232 | INFO     | __main__:main:158 - PnL realizado (exchange-managed aprox): 0.00
2025-10-24 12:42:25.351 | INFO     | __main__:main:155 - Sin ChoCH válido | trend=SIDEWAYS | conf=0.00
2025-10-24 12:42:25.351 | INFO     | __main__:main:158 - PnL realizado (exchange-managed aprox): 0.00
2025-10-24 12:46:03.948 | INFO     | __main__:main:155 - Sin ChoCH válido | trend=SIDEWAYS | conf=0.00
2025-10-24 12:46:03.948 | INFO     | __main__:main:158 - PnL realizado (exchange-managed aprox): 0.00
2025-10-24 12:51:44.814 | INFO     | __main__:main:155 - Sin ChoCH válido | trend=SIDEWAYS | conf=0.00
2025-10-24 12:51:44.815 | INFO     | __main__:main:158 - PnL realizado (exchange-managed aprox): 0.00
2025-10-24 12:57:25.586 | INFO     | __main__:main:155 - Sin ChoCH válido | trend=SIDEWAYS | conf=0.00
2025-10-24 12:57:25.586 | INFO     | __main__:main:158 - PnL realizado (exchange-managed aprox): 0.00
2025-10-24 13:01:06.187 | INFO     | __main__:main:155 - Sin ChoCH válido | trend=SIDEWAYS | conf=0.00
2025-10-24 13:01:06.188 | INFO     | __main__:main:158 - PnL realizado (exchange-managed aprox): 0.00
2025-10-24 13:06:48.296 | INFO     | __main__:main:155 - Sin ChoCH válido | trend=SIDEWAYS | conf=0.00
2025-10-24 13:06:48.297 | INFO     | __main__:main:158 - PnL realizado (exchange-managed aprox): 0.00
2025-10-24 13:12:32.554 | INFO     | __main__:main:155 - Sin ChoCH válido | trend=SIDEWAYS | conf=0.00
2025-10-24 13:12:32.554 | INFO     | __main__:main:158 - PnL realizado (exchange-managed aprox): 0.00
2025-10-24 13:16:13.635 | INFO     | __main__:main:155 - Sin ChoCH válido | trend=SIDEWAYS | conf=0.00
2025-10-24 13:16:13.635 | INFO     | __main__:main:158 - PnL realizado (exchange-managed aprox): 0.00
2025-10-24 13:21:57.355 | INFO     | __main__:main:155 - Sin ChoCH válido | trend=SIDEWAYS | conf=0.00
2025-10-24 13:21:57.355 | INFO     | __main__:main:158 - PnL realizado (exchange-managed aprox): 0.00
2025-10-24 13:27:41.772 | INFO     | __main__:main:155 - Sin ChoCH válido | trend=SIDEWAYS | conf=0.00
2025-10-24 13:27:41.772 | INFO     | __main__:main:158 - PnL realizado (exchange-managed aprox): 0.00
2025-10-24 13:31:24.382 | INFO     | __main__:main:155 - Sin ChoCH válido | trend=SIDEWAYS | conf=0.00
2025-10-24 13:31:24.383 | INFO     | __main__:main:158 - PnL realizado (exchange-managed aprox): 0.00
2025-10-24 13:37:08.560 | INFO     | __main__:main:155 - Sin ChoCH válido | trend=SIDEWAYS | conf=0.00
2025-10-24 13:37:08.560 | INFO     | __main__:main:158 - PnL realizado (exchange-managed aprox): 0.00
2025-10-24 13:40:52.091 | INFO     | __main__:main:155 - Sin ChoCH válido | trend=SIDEWAYS | conf=0.00
2025-10-24 13:40:52.092 | INFO     | __main__:main:158 - PnL realizado (exchange-managed aprox): 0.00
2025-10-24 13:46:37.567 | INFO     | __main__:main:155 - Sin ChoCH válido | trend=SIDEWAYS | conf=0.00
2025-10-24 13:46:37.567 | INFO     | __main__:main:158 - PnL realizado (exchange-managed aprox): 0.00
2025-10-24 13:52:23.489 | INFO     | __main__:main:155 - Sin ChoCH válido | trend=SIDEWAYS | conf=0.00
2025-10-24 13:52:23.489 | INFO     | __main__:main:158 - PnL realizado (exchange-managed aprox): 0.00
2025-10-24 13:56:06.193 | INFO     | __main__:main:155 - Sin ChoCH válido | trend=SIDEWAYS | conf=0.00
2025-10-24 13:56:06.193 | INFO     | __main__:main:158 - PnL realizado (exchange-managed aprox): 0.00
2025-10-24 14:01:50.743 | INFO     | __main__:main:155 - Sin ChoCH válido | trend=SIDEWAYS | conf=0.00
2025-10-24 14:01:50.743 | INFO     | __main__:main:158 - PnL realizado (exchange-managed aprox): 0.00
2025-10-24 14:07:35.118 | INFO     | __main__:main:155 - Sin ChoCH válido | trend=SIDEWAYS | conf=0.00
2025-10-24 14:07:35.118 | INFO     | __main__:main:158 - PnL realizado (exchange-managed aprox): 0.00
2025-10-24 14:11:18.435 | INFO     | __main__:main:155 - Sin ChoCH válido | trend=SIDEWAYS | conf=0.00
2025-10-24 14:11:18.435 | INFO     | __main__:main:158 - PnL realizado (exchange-managed aprox): 0.00
2025-10-24 14:17:04.620 | INFO     | __main__:main:155 - Sin ChoCH válido | trend=SIDEWAYS | conf=0.00
2025-10-24 14:17:04.621 | INFO     | __main__:main:158 - PnL realizado (exchange-managed aprox): 0.00
2025-10-24 14:19:31.263 | INFO     | __main__:main:46 - florencia-ai iniciado | BTC/USDT 5m | PAPER=True
2025-10-24 14:19:47.650 | INFO     | __main__:main:155 - Sin ChoCH válido | trend=SIDEWAYS | conf=0.00
2025-10-24 14:19:47.651 | INFO     | __main__:main:158 - PnL realizado (exchange-managed aprox): 0.00
2025-10-24 14:21:29.509 | INFO     | __main__:main:155 - Sin ChoCH válido | trend=SIDEWAYS | conf=0.00
2025-10-24 14:21:29.510 | INFO     | __main__:main:158 - PnL realizado (exchange-managed aprox): 0.00
2025-10-24 14:27:15.483 | INFO     | __main__:main:155 - Sin ChoCH válido | trend=SIDEWAYS | conf=0.00
2025-10-24 14:27:15.484 | INFO     | __main__:main:158 - PnL realizado (exchange-managed aprox): 0.00
2025-10-24 14:30:58.926 | INFO     | __main__:main:155 - Sin ChoCH válido | trend=SIDEWAYS | conf=0.00
2025-10-24 14:30:58.927 | INFO     | __main__:main:158 - PnL realizado (exchange-managed aprox): 0.00
2025-10-24 14:36:43.863 | INFO     | __main__:main:155 - Sin ChoCH válido | trend=SIDEWAYS | conf=0.00
2025-10-24 14:36:43.863 | INFO     | __main__:main:158 - PnL realizado (exchange-managed aprox): 0.00
2025-10-24 14:42:31.005 | INFO     | __main__:main:155 - Sin ChoCH válido | trend=SIDEWAYS | conf=0.00
2025-10-24 14:42:31.006 | INFO     | __main__:main:158 - PnL realizado (exchange-managed aprox): 0.00
2025-10-24 14:46:15.076 | INFO     | __main__:main:155 - Sin ChoCH válido | trend=SIDEWAYS | conf=0.00
2025-10-24 14:46:15.076 | INFO     | __main__:main:158 - PnL realizado (exchange-managed aprox): 0.00
2025-10-24 14:51:59.928 | INFO     | __main__:main:155 - Sin ChoCH válido | trend=SIDEWAYS | conf=0.00
2025-10-24 14:51:59.929 | INFO     | __main__:main:158 - PnL realizado (exchange-managed aprox): 0.00
2025-10-24 14:57:43.225 | INFO     | __main__:main:155 - Sin ChoCH válido | trend=SIDEWAYS | conf=0.00
2025-10-24 14:57:43.225 | INFO     | __main__:main:158 - PnL realizado (exchange-managed aprox): 0.00
2025-10-24 15:01:25.950 | INFO     | __main__:main:155 - Sin ChoCH válido | trend=SIDEWAYS | conf=0.00
2025-10-24 15:01:25.950 | INFO     | __main__:main:158 - PnL realizado (exchange-managed aprox): 0.00
2025-10-24 15:07:11.681 | INFO     | __main__:main:155 - Sin ChoCH válido | trend=SIDEWAYS | conf=0.00
2025-10-24 15:07:11.682 | INFO     | __main__:main:158 - PnL realizado (exchange-managed aprox): 0.00
2025-10-24 15:10:55.828 | INFO     | __main__:main:155 - Sin ChoCH válido | trend=SIDEWAYS | conf=0.00
2025-10-24 15:10:55.828 | INFO     | __main__:main:158 - PnL realizado (exchange-managed aprox): 0.00
2025-10-24 15:16:40.032 | INFO     | __main__:main:155 - Sin ChoCH válido | trend=SIDEWAYS | conf=0.00
2025-10-24 15:16:40.032 | INFO     | __main__:main:158 - PnL realizado (exchange-managed aprox): 0.00
2025-10-24 15:22:25.746 | INFO     | __main__:main:155 - Sin ChoCH válido | trend=SIDEWAYS | conf=0.00
2025-10-24 15:22:25.746 | INFO     | __main__:main:158 - PnL realizado (exchange-managed aprox): 0.00
2025-10-24 15:26:09.482 | INFO     | __main__:main:155 - Sin ChoCH válido | trend=SIDEWAYS | conf=0.00
2025-10-24 15:26:09.482 | INFO     | __main__:main:158 - PnL realizado (exchange-managed aprox): 0.00
2025-10-24 15:31:53.628 | INFO     | __main__:main:155 - Sin ChoCH válido | trend=SIDEWAYS | conf=0.00
2025-10-24 15:31:53.628 | INFO     | __main__:main:158 - PnL realizado (exchange-managed aprox): 0.00
2025-10-24 15:37:39.021 | INFO     | __main__:main:155 - Sin ChoCH válido | trend=SIDEWAYS | conf=0.00
2025-10-24 15:37:39.021 | INFO     | __main__:main:158 - PnL realizado (exchange-managed aprox): 0.00
2025-10-24 15:41:20.803 | INFO     | __main__:main:155 - Sin ChoCH válido | trend=SIDEWAYS | conf=0.00
2025-10-24 15:41:20.804 | INFO     | __main__:main:158 - PnL realizado (exchange-managed aprox): 0.00
2025-10-24 15:47:04.403 | INFO     | __main__:main:155 - Sin ChoCH válido | trend=SIDEWAYS | conf=0.00
2025-10-24 15:47:04.403 | INFO     | __main__:main:158 - PnL realizado (exchange-managed aprox): 0.00
2025-10-24 15:50:48.938 | INFO     | __main__:main:155 - Sin ChoCH válido | trend=SIDEWAYS | conf=0.00
2025-10-24 15:50:48.939 | INFO     | __main__:main:158 - PnL realizado (exchange-managed aprox): 0.00
2025-10-24 15:56:35.244 | INFO     | __main__:main:155 - Sin ChoCH válido | trend=SIDEWAYS | conf=0.00
2025-10-24 15:56:35.245 | INFO     | __main__:main:158 - PnL realizado (exchange-managed aprox): 0.00
2025-10-24 16:02:20.164 | INFO     | __main__:main:155 - Sin ChoCH válido | trend=SIDEWAYS | conf=0.00
2025-10-24 16:02:20.164 | INFO     | __main__:main:158 - PnL realizado (exchange-managed aprox): 0.00
2025-10-24 16:06:02.223 | INFO     | __main__:main:155 - Sin ChoCH válido | trend=SIDEWAYS | conf=0.00
2025-10-24 16:06:02.223 | INFO     | __main__:main:158 - PnL realizado (exchange-managed aprox): 0.00
2025-10-24 16:11:46.750 | INFO     | __main__:main:155 - Sin ChoCH válido | trend=SIDEWAYS | conf=0.00
2025-10-24 16:11:46.750 | INFO     | __main__:main:158 - PnL realizado (exchange-managed aprox): 0.00
2025-10-24 16:17:31.302 | INFO     | __main__:main:155 - Sin ChoCH válido | trend=SIDEWAYS | conf=0.00
2025-10-24 16:17:31.303 | INFO     | __main__:main:158 - PnL realizado (exchange-managed aprox): 0.00
2025-10-24 16:21:11.766 | INFO     | __main__:main:155 - Sin ChoCH válido | trend=SIDEWAYS | conf=0.00
2025-10-24 16:21:11.766 | INFO     | __main__:main:158 - PnL realizado (exchange-managed aprox): 0.00
2025-10-24 16:26:53.816 | INFO     | __main__:main:155 - Sin ChoCH válido | trend=SIDEWAYS | conf=0.00
2025-10-24 16:26:53.816 | INFO     | __main__:main:158 - PnL realizado (exchange-managed aprox): 0.00
2025-10-24 16:32:39.737 | INFO     | __main__:main:155 - Sin ChoCH válido | trend=SIDEWAYS | conf=0.00
2025-10-24 16:32:39.737 | INFO     | __main__:main:158 - PnL realizado (exchange-managed aprox): 0.00
2025-10-24 16:36:24.702 | INFO     | __main__:main:155 - Sin ChoCH válido | trend=SIDEWAYS | conf=0.00
2025-10-24 16:36:24.703 | INFO     | __main__:main:158 - PnL realizado (exchange-managed aprox): 0.00
2025-10-24 16:42:09.817 | INFO     | __main__:main:155 - Sin ChoCH válido | trend=SIDEWAYS | conf=0.00
2025-10-24 16:42:09.818 | INFO     | __main__:main:158 - PnL realizado (exchange-managed aprox): 0.00
2025-10-24 16:45:52.922 | INFO     | __main__:main:155 - Sin ChoCH válido | trend=SIDEWAYS | conf=0.00
2025-10-24 16:45:52.922 | INFO     | __main__:main:158 - PnL realizado (exchange-managed aprox): 0.00
2025-10-24 16:51:38.746 | INFO     | __main__:main:155 - Sin ChoCH válido | trend=SIDEWAYS | conf=0.00
2025-10-24 16:51:38.747 | INFO     | __main__:main:158 - PnL realizado (exchange-managed aprox): 0.00
2025-10-24 16:57:22.564 | INFO     | __main__:main:155 - Sin ChoCH válido | trend=SIDEWAYS | conf=0.00
2025-10-24 16:57:22.565 | INFO     | __main__:main:158 - PnL realizado (exchange-managed aprox): 0.00
2025-10-24 17:01:07.095 | INFO     | __main__:main:155 - Sin ChoCH válido | trend=SIDEWAYS | conf=0.00
2025-10-24 17:01:07.096 | INFO     | __main__:main:158 - PnL realizado (exchange-managed aprox): 0.00
2025-10-24 17:06:52.850 | INFO     | __main__:main:155 - Sin ChoCH válido | trend=SIDEWAYS | conf=0.00
2025-10-24 17:06:52.850 | INFO     | __main__:main:158 - PnL realizado (exchange-managed aprox): 0.00
2025-10-24 17:12:37.894 | INFO     | __main__:main:155 - Sin ChoCH válido | trend=SIDEWAYS | conf=0.00
2025-10-24 17:12:37.895 | INFO     | __main__:main:158 - PnL realizado (exchange-managed aprox): 0.00
2025-10-24 17:16:22.415 | INFO     | __main__:main:155 - Sin ChoCH válido | trend=SIDEWAYS | conf=0.00
2025-10-24 17:16:22.416 | INFO     | __main__:main:158 - PnL realizado (exchange-managed aprox): 0.00
2025-10-24 17:22:07.854 | INFO     | __main__:main:155 - Sin ChoCH válido | trend=SIDEWAYS | conf=0.00
2025-10-24 17:22:07.855 | INFO     | __main__:main:158 - PnL realizado (exchange-managed aprox): 0.00
2025-10-24 17:25:53.285 | INFO     | __main__:main:155 - Sin ChoCH válido | trend=SIDEWAYS | conf=0.00
2025-10-24 17:25:53.285 | INFO     | __main__:main:158 - PnL realizado (exchange-managed aprox): 0.00
2025-10-24 17:31:40.483 | INFO     | __main__:main:155 - Sin ChoCH válido | trend=SIDEWAYS | conf=0.00
2025-10-24 17:31:40.483 | INFO     | __main__:main:158 - PnL realizado (exchange-managed aprox): 0.00
2025-10-24 17:37:26.019 | INFO     | __main__:main:155 - Sin ChoCH válido | trend=SIDEWAYS | conf=0.00
2025-10-24 17:37:26.020 | INFO     | __main__:main:158 - PnL realizado (exchange-managed aprox): 0.00
2025-10-24 17:41:08.624 | INFO     | __main__:main:155 - Sin ChoCH válido | trend=SIDEWAYS | conf=0.00
2025-10-24 17:41:08.625 | INFO     | __main__:main:158 - PnL realizado (exchange-managed aprox): 0.00
2025-10-24 17:46:52.465 | INFO     | __main__:main:155 - Sin ChoCH válido | trend=SIDEWAYS | conf=0.00
2025-10-24 17:46:52.465 | INFO     | __main__:main:158 - PnL realizado (exchange-managed aprox): 0.00
2025-10-24 17:52:39.055 | INFO     | __main__:main:155 - Sin ChoCH válido | trend=SIDEWAYS | conf=0.00
2025-10-24 17:52:39.056 | INFO     | __main__:main:158 - PnL realizado (exchange-managed aprox): 0.00
2025-10-24 17:56:23.635 | INFO     | __main__:main:155 - Sin ChoCH válido | trend=SIDEWAYS | conf=0.00
2025-10-24 17:56:23.635 | INFO     | __main__:main:158 - PnL realizado (exchange-managed aprox): 0.00
2025-10-24 18:02:09.619 | WARNING  | structure_oracle:detect_structure_with_llm:89 - JSON parse error: 1 validation error for StructureReport
confidence
  Field required [type=missing, input_value={'tren
2025-10-24 18:02:09.619 | INFO     | __main__:main:155 - Sin ChoCH válido | trend=SIDEWAYS | conf=0.00
2025-10-24 18:02:09.620 | INFO     | __main__:main:158 - PnL realizado (exchange-managed aprox): 0.00
2025-10-24 18:05:53.178 | INFO     | __main__:main:155 - Sin ChoCH válido | trend=SIDEWAYS | conf=0.00
2025-10-24 18:05:53.179 | INFO     | __main__:main:158 - PnL realizado (exchange-managed aprox): 0.00
2025-10-24 18:11:37.632 | INFO     | __main__:main:155 - Sin ChoCH válido | trend=SIDEWAYS | conf=0.00
2025-10-24 18:11:37.633 | INFO     | __main__:main:158 - PnL realizado (exchange-managed aprox): 0.00
2025-10-24 18:17:23.188 | INFO     | __main__:main:155 - Sin ChoCH válido | trend=SIDEWAYS | conf=0.00
2025-10-24 18:17:23.189 | INFO     | __main__:main:158 - PnL realizado (exchange-managed aprox): 0.00
2025-10-24 18:21:09.207 | INFO     | __main__:main:155 - Sin ChoCH válido | trend=SIDEWAYS | conf=0.00
2025-10-24 18:21:09.207 | INFO     | __main__:main:158 - PnL realizado (exchange-managed aprox): 0.00
2025-10-24 18:26:58.349 | INFO     | __main__:main:155 - Sin ChoCH válido | trend=SIDEWAYS | conf=0.00
2025-10-24 18:26:58.349 | INFO     | __main__:main:158 - PnL realizado (exchange-managed aprox): 0.00
2025-10-24 18:32:45.611 | INFO     | __main__:main:155 - Sin ChoCH válido | trend=SIDEWAYS | conf=0.00
2025-10-24 18:32:45.611 | INFO     | __main__:main:158 - PnL realizado (exchange-managed aprox): 0.00
2025-10-24 18:36:31.636 | INFO     | __main__:main:155 - Sin ChoCH válido | trend=SIDEWAYS | conf=0.00
2025-10-24 18:36:31.637 | INFO     | __main__:main:158 - PnL realizado (exchange-managed aprox): 0.00
2025-10-24 18:42:19.185 | INFO     | __main__:main:155 - Sin ChoCH válido | trend=SIDEWAYS | conf=0.00
2025-10-24 18:42:19.185 | INFO     | __main__:main:158 - PnL realizado (exchange-managed aprox): 0.00
2025-10-24 18:46:04.579 | INFO     | __main__:main:155 - Sin ChoCH válido | trend=SIDEWAYS | conf=0.00
2025-10-24 18:46:04.579 | INFO     | __main__:main:158 - PnL realizado (exchange-managed aprox): 0.00
2025-10-24 18:51:51.547 | INFO     | __main__:main:155 - Sin ChoCH válido | trend=SIDEWAYS | conf=0.00
2025-10-24 18:51:51.547 | INFO     | __main__:main:158 - PnL realizado (exchange-managed aprox): 0.00
2025-10-24 18:57:40.629 | INFO     | __main__:main:155 - Sin ChoCH válido | trend=SIDEWAYS | conf=0.00
2025-10-24 18:57:40.630 | INFO     | __main__:main:158 - PnL realizado (exchange-managed aprox): 0.00
2025-10-24 19:01:23.819 | INFO     | __main__:main:155 - Sin ChoCH válido | trend=SIDEWAYS | conf=0.00
2025-10-24 19:01:23.820 | INFO     | __main__:main:158 - PnL realizado (exchange-managed aprox): 0.00
2025-10-24 19:07:11.242 | INFO     | __main__:main:155 - Sin ChoCH válido | trend=SIDEWAYS | conf=0.00
2025-10-24 19:07:11.242 | INFO     | __main__:main:158 - PnL realizado (exchange-managed aprox): 0.00
2025-10-24 19:10:56.066 | INFO     | __main__:main:155 - Sin ChoCH válido | trend=SIDEWAYS | conf=0.00
2025-10-24 19:10:56.066 | INFO     | __main__:main:158 - PnL realizado (exchange-managed aprox): 0.00
2025-10-24 19:16:42.466 | INFO     | __main__:main:155 - Sin ChoCH válido | trend=SIDEWAYS | conf=0.00
2025-10-24 19:16:42.466 | INFO     | __main__:main:158 - PnL realizado (exchange-managed aprox): 0.00
2025-10-24 19:22:27.234 | INFO     | __main__:main:155 - Sin ChoCH válido | trend=SIDEWAYS | conf=0.00
2025-10-24 19:22:27.235 | INFO     | __main__:main:158 - PnL realizado (exchange-managed aprox): 0.00
2025-10-24 19:26:12.654 | INFO     | __main__:main:155 - Sin ChoCH válido | trend=SIDEWAYS | conf=0.00
2025-10-24 19:26:12.654 | INFO     | __main__:main:158 - PnL realizado (exchange-managed aprox): 0.00
2025-10-24 19:31:58.497 | INFO     | __main__:main:155 - Sin ChoCH válido | trend=SIDEWAYS | conf=0.00
2025-10-24 19:31:58.497 | INFO     | __main__:main:158 - PnL realizado (exchange-managed aprox): 0.00
2025-10-24 19:37:44.427 | INFO     | __main__:main:155 - Sin ChoCH válido | trend=SIDEWAYS | conf=0.00
2025-10-24 19:37:44.428 | INFO     | __main__:main:158 - PnL realizado (exchange-managed aprox): 0.00
2025-10-24 19:41:28.263 | INFO     | __main__:main:155 - Sin ChoCH válido | trend=SIDEWAYS | conf=0.00
2025-10-24 19:41:28.263 | INFO     | __main__:main:158 - PnL realizado (exchange-managed aprox): 0.00
2025-10-24 19:47:13.429 | INFO     | __main__:main:155 - Sin ChoCH válido | trend=SIDEWAYS | conf=0.00
2025-10-24 19:47:13.430 | INFO     | __main__:main:158 - PnL realizado (exchange-managed aprox): 0.00
2025-10-24 19:50:57.119 | INFO     | __main__:main:155 - Sin ChoCH válido | trend=SIDEWAYS | conf=0.00
2025-10-24 19:50:57.120 | INFO     | __main__:main:158 - PnL realizado (exchange-managed aprox): 0.00
2025-10-24 19:56:41.692 | INFO     | __main__:main:155 - Sin ChoCH válido | trend=SIDEWAYS | conf=0.00
2025-10-24 19:56:41.692 | INFO     | __main__:main:158 - PnL realizado (exchange-managed aprox): 0.00
2025-10-24 20:02:27.268 | INFO     | __main__:main:155 - Sin ChoCH válido | trend=SIDEWAYS | conf=0.00
2025-10-24 20:02:27.268 | INFO     | __main__:main:158 - PnL realizado (exchange-managed aprox): 0.00
2025-10-24 20:06:07.458 | INFO     | __main__:main:155 - Sin ChoCH válido | trend=SIDEWAYS | conf=0.00
2025-10-24 20:06:07.458 | INFO     | __main__:main:158 - PnL realizado (exchange-managed aprox): 0.00
2025-10-24 20:11:50.321 | INFO     | __main__:main:155 - Sin ChoCH válido | trend=SIDEWAYS | conf=0.00
2025-10-24 20:11:50.321 | INFO     | __main__:main:158 - PnL realizado (exchange-managed aprox): 0.00
2025-10-24 20:17:34.607 | INFO     | __main__:main:155 - Sin ChoCH válido | trend=SIDEWAYS | conf=0.00
2025-10-24 20:17:34.608 | INFO     | __main__:main:158 - PnL realizado (exchange-managed aprox): 0.00
2025-10-24 20:21:16.495 | INFO     | __main__:main:155 - Sin ChoCH válido | trend=SIDEWAYS | conf=0.00
2025-10-24 20:21:16.495 | INFO     | __main__:main:158 - PnL realizado (exchange-managed aprox): 0.00
2025-10-24 20:27:01.131 | INFO     | __main__:main:155 - Sin ChoCH válido | trend=SIDEWAYS | conf=0.00
2025-10-24 20:27:01.131 | INFO     | __main__:main:158 - PnL realizado (exchange-managed aprox): 0.00
2025-10-24 20:32:44.907 | INFO     | __main__:main:155 - Sin ChoCH válido | trend=SIDEWAYS | conf=0.00
2025-10-24 20:32:44.908 | INFO     | __main__:main:158 - PnL realizado (exchange-managed aprox): 0.00
2025-10-24 20:36:25.687 | INFO     | __main__:main:155 - Sin ChoCH válido | trend=SIDEWAYS | conf=0.00
2025-10-24 20:36:25.688 | INFO     | __main__:main:158 - PnL realizado (exchange-managed aprox): 0.00
2025-10-24 20:42:09.184 | INFO     | __main__:main:155 - Sin ChoCH válido | trend=SIDEWAYS | conf=0.00
2025-10-24 20:42:09.185 | INFO     | __main__:main:158 - PnL realizado (exchange-managed aprox): 0.00
2025-10-24 20:45:51.922 | INFO     | __main__:main:155 - Sin ChoCH válido | trend=SIDEWAYS | conf=0.00
2025-10-24 20:45:51.922 | INFO     | __main__:main:158 - PnL realizado (exchange-managed aprox): 0.00
2025-10-24 20:51:36.933 | INFO     | __main__:main:155 - Sin ChoCH válido | trend=SIDEWAYS | conf=0.00
2025-10-24 20:51:36.933 | INFO     | __main__:main:158 - PnL realizado (exchange-managed aprox): 0.00
2025-10-24 20:57:20.668 | INFO     | __main__:main:155 - Sin ChoCH válido | trend=SIDEWAYS | conf=0.00
2025-10-24 20:57:20.668 | INFO     | __main__:main:158 - PnL realizado (exchange-managed aprox): 0.00
2025-10-24 21:01:04.069 | INFO     | __main__:main:155 - Sin ChoCH válido | trend=SIDEWAYS | conf=0.00
2025-10-24 21:01:04.070 | INFO     | __main__:main:158 - PnL realizado (exchange-managed aprox): 0.00
2025-10-24 21:06:47.099 | WARNING  | structure_oracle:detect_structure_with_llm:89 - JSON parse error: 1 validation error for StructureReport
confidence
  Field required [type=missing, input_value={'tren
2025-10-24 21:06:47.099 | INFO     | __main__:main:155 - Sin ChoCH válido | trend=SIDEWAYS | conf=0.00
2025-10-24 21:06:47.099 | INFO     | __main__:main:158 - PnL realizado (exchange-managed aprox): 0.00
2025-10-24 21:12:31.162 | INFO     | __main__:main:155 - Sin ChoCH válido | trend=SIDEWAYS | conf=0.00
2025-10-24 21:12:31.162 | INFO     | __main__:main:158 - PnL realizado (exchange-managed aprox): 0.00
2025-10-24 21:16:13.610 | INFO     | __main__:main:155 - Sin ChoCH válido | trend=SIDEWAYS | conf=0.00
2025-10-24 21:16:13.610 | INFO     | __main__:main:158 - PnL realizado (exchange-managed aprox): 0.00
2025-10-24 21:21:58.222 | INFO     | __main__:main:155 - Sin ChoCH válido | trend=SIDEWAYS | conf=0.00
2025-10-24 21:21:58.222 | INFO     | __main__:main:158 - PnL realizado (exchange-managed aprox): 0.00
2025-10-24 21:27:43.669 | INFO     | __main__:main:155 - Sin ChoCH válido | trend=SIDEWAYS | conf=0.00
2025-10-24 21:27:43.670 | INFO     | __main__:main:158 - PnL realizado (exchange-managed aprox): 0.00
2025-10-24 21:31:28.153 | INFO     | __main__:main:155 - Sin ChoCH válido | trend=SIDEWAYS | conf=0.00
2025-10-24 21:31:28.153 | INFO     | __main__:main:158 - PnL realizado (exchange-managed aprox): 0.00
2025-10-24 21:37:12.230 | INFO     | __main__:main:155 - Sin ChoCH válido | trend=SIDEWAYS | conf=0.00
2025-10-24 21:37:12.230 | INFO     | __main__:main:158 - PnL realizado (exchange-managed aprox): 0.00
2025-10-24 21:40:56.440 | INFO     | __main__:main:155 - Sin ChoCH válido | trend=SIDEWAYS | conf=0.00
2025-10-24 21:40:56.440 | INFO     | __main__:main:158 - PnL realizado (exchange-managed aprox): 0.00
2025-10-24 21:46:42.841 | INFO     | __main__:main:155 - Sin ChoCH válido | trend=SIDEWAYS | conf=0.00
2025-10-24 21:46:42.841 | INFO     | __main__:main:158 - PnL realizado (exchange-managed aprox): 0.00
2025-10-24 21:52:28.152 | INFO     | __main__:main:155 - Sin ChoCH válido | trend=SIDEWAYS | conf=0.00
2025-10-24 21:52:28.153 | INFO     | __main__:main:158 - PnL realizado (exchange-managed aprox): 0.00
2025-10-24 21:56:12.451 | INFO     | __main__:main:155 - Sin ChoCH válido | trend=SIDEWAYS | conf=0.00
2025-10-24 21:56:12.451 | INFO     | __main__:main:158 - PnL realizado (exchange-managed aprox): 0.00
2025-10-24 22:01:58.609 | INFO     | __main__:main:155 - Sin ChoCH válido | trend=SIDEWAYS | conf=0.00
2025-10-24 22:01:58.609 | INFO     | __main__:main:158 - PnL realizado (exchange-managed aprox): 0.00
2025-10-24 22:07:47.755 | INFO     | __main__:main:155 - Sin ChoCH válido | trend=SIDEWAYS | conf=0.00
2025-10-24 22:07:47.755 | INFO     | __main__:main:158 - PnL realizado (exchange-managed aprox): 0.00
2025-10-24 22:11:34.454 | INFO     | __main__:main:155 - Sin ChoCH válido | trend=SIDEWAYS | conf=0.00
2025-10-24 22:11:34.455 | INFO     | __main__:main:158 - PnL realizado (exchange-managed aprox): 0.00
2025-10-24 22:17:22.751 | INFO     | __main__:main:155 - Sin ChoCH válido | trend=SIDEWAYS | conf=0.00
2025-10-24 22:17:22.752 | INFO     | __main__:main:158 - PnL realizado (exchange-managed aprox): 0.00
2025-10-24 22:21:07.019 | INFO     | __main__:main:155 - Sin ChoCH válido | trend=SIDEWAYS | conf=0.00
2025-10-24 22:21:07.020 | INFO     | __main__:main:158 - PnL realizado (exchange-managed aprox): 0.00
2025-10-24 22:26:54.777 | INFO     | __main__:main:155 - Sin ChoCH válido | trend=SIDEWAYS | conf=0.00
2025-10-24 22:26:54.778 | INFO     | __main__:main:158 - PnL realizado (exchange-managed aprox): 0.00
2025-10-24 22:32:41.681 | INFO     | __main__:main:155 - Sin ChoCH válido | trend=SIDEWAYS | conf=0.00
2025-10-24 22:32:41.681 | INFO     | __main__:main:158 - PnL realizado (exchange-managed aprox): 0.00
2025-10-24 22:36:26.077 | INFO     | __main__:main:155 - Sin ChoCH válido | trend=SIDEWAYS | conf=0.00
2025-10-24 22:36:26.077 | INFO     | __main__:main:158 - PnL realizado (exchange-managed aprox): 0.00
2025-10-24 22:42:12.110 | INFO     | __main__:main:155 - Sin ChoCH válido | trend=SIDEWAYS | conf=0.00
2025-10-24 22:42:12.110 | INFO     | __main__:main:158 - PnL realizado (exchange-managed aprox): 0.00
2025-10-24 22:45:56.039 | INFO     | __main__:main:155 - Sin ChoCH válido | trend=SIDEWAYS | conf=0.00
2025-10-24 22:45:56.039 | INFO     | __main__:main:158 - PnL realizado (exchange-managed aprox): 0.00
2025-10-24 22:51:41.597 | INFO     | __main__:main:155 - Sin ChoCH válido | trend=SIDEWAYS | conf=0.00
2025-10-24 22:51:41.598 | INFO     | __main__:main:158 - PnL realizado (exchange-managed aprox): 0.00
2025-10-24 22:57:26.075 | INFO     | __main__:main:155 - Sin ChoCH válido | trend=SIDEWAYS | conf=0.00
2025-10-24 22:57:26.075 | INFO     | __main__:main:158 - PnL realizado (exchange-managed aprox): 0.00
2025-10-24 23:01:10.229 | INFO     | __main__:main:155 - Sin ChoCH válido | trend=SIDEWAYS | conf=0.00
2025-10-24 23:01:10.230 | INFO     | __main__:main:158 - PnL realizado (exchange-managed aprox): 0.00
2025-10-24 23:06:55.813 | INFO     | __main__:main:155 - Sin ChoCH válido | trend=SIDEWAYS | conf=0.00
2025-10-24 23:06:55.813 | INFO     | __main__:main:158 - PnL realizado (exchange-managed aprox): 0.00
2025-10-24 23:12:38.562 | INFO     | __main__:main:155 - Sin ChoCH válido | trend=SIDEWAYS | conf=0.00
2025-10-24 23:12:38.563 | INFO     | __main__:main:158 - PnL realizado (exchange-managed aprox): 0.00
2025-10-24 23:16:20.407 | INFO     | __main__:main:155 - Sin ChoCH válido | trend=SIDEWAYS | conf=0.00
2025-10-24 23:16:20.407 | INFO     | __main__:main:158 - PnL realizado (exchange-managed aprox): 0.00
2025-10-24 23:22:04.186 | INFO     | __main__:main:155 - Sin ChoCH válido | trend=SIDEWAYS | conf=0.00
2025-10-24 23:22:04.187 | INFO     | __main__:main:158 - PnL realizado (exchange-managed aprox): 0.00
2025-10-24 23:25:47.748 | INFO     | __main__:main:155 - Sin ChoCH válido | trend=SIDEWAYS | conf=0.00
2025-10-24 23:25:47.748 | INFO     | __main__:main:158 - PnL realizado (exchange-managed aprox): 0.00
2025-10-24 23:31:32.283 | INFO     | __main__:main:155 - Sin ChoCH válido | trend=SIDEWAYS | conf=0.00
2025-10-24 23:31:32.283 | INFO     | __main__:main:158 - PnL realizado (exchange-managed aprox): 0.00
2025-10-24 23:37:19.878 | INFO     | __main__:main:155 - Sin ChoCH válido | trend=SIDEWAYS | conf=0.00
2025-10-24 23:37:19.879 | INFO     | __main__:main:158 - PnL realizado (exchange-managed aprox): 0.00
2025-10-24 23:41:02.943 | INFO     | __main__:main:155 - Sin ChoCH válido | trend=SIDEWAYS | conf=0.00
2025-10-24 23:41:02.944 | INFO     | __main__:main:158 - PnL realizado (exchange-managed aprox): 0.00
2025-10-24 23:46:50.233 | INFO     | __main__:main:155 - Sin ChoCH válido | trend=SIDEWAYS | conf=0.00
2025-10-24 23:46:50.233 | INFO     | __main__:main:158 - PnL realizado (exchange-managed aprox): 0.00
2025-10-24 23:52:32.987 | INFO     | __main__:main:155 - Sin ChoCH válido | trend=SIDEWAYS | conf=0.00
2025-10-24 23:52:32.988 | INFO     | __main__:main:158 - PnL realizado (exchange-managed aprox): 0.00
2025-10-24 23:56:16.016 | INFO     | __main__:main:155 - Sin ChoCH válido | trend=SIDEWAYS | conf=0.00
2025-10-24 23:56:16.016 | INFO     | __main__:main:158 - PnL realizado (exchange-managed aprox): 0.00
2025-10-25 00:02:00.122 | INFO     | __main__:main:155 - Sin ChoCH válido | trend=SIDEWAYS | conf=0.00
2025-10-25 00:02:00.123 | INFO     | __main__:main:158 - PnL realizado (exchange-managed aprox): 0.00
2025-10-25 00:05:44.134 | INFO     | __main__:main:155 - Sin ChoCH válido | trend=SIDEWAYS | conf=0.00
2025-10-25 00:05:44.134 | INFO     | __main__:main:158 - PnL realizado (exchange-managed aprox): 0.00
2025-10-25 00:11:28.816 | INFO     | __main__:main:155 - Sin ChoCH válido | trend=SIDEWAYS | conf=0.00
2025-10-25 00:11:28.816 | INFO     | __main__:main:158 - PnL realizado (exchange-managed aprox): 0.00
2025-10-25 00:17:15.387 | INFO     | __main__:main:155 - Sin ChoCH válido | trend=SIDEWAYS | conf=0.00
2025-10-25 00:17:15.387 | INFO     | __main__:main:158 - PnL realizado (exchange-managed aprox): 0.00
2025-10-25 00:20:57.430 | INFO     | __main__:main:155 - Sin ChoCH válido | trend=SIDEWAYS | conf=0.00
2025-10-25 00:20:57.431 | INFO     | __main__:main:158 - PnL realizado (exchange-managed aprox): 0.00
2025-10-25 00:26:43.842 | INFO     | __main__:main:155 - Sin ChoCH válido | trend=SIDEWAYS | conf=0.00
2025-10-25 00:26:43.842 | INFO     | __main__:main:158 - PnL realizado (exchange-managed aprox): 0.00
2025-10-25 00:32:29.787 | INFO     | __main__:main:155 - Sin ChoCH válido | trend=SIDEWAYS | conf=0.00
2025-10-25 00:32:29.787 | INFO     | __main__:main:158 - PnL realizado (exchange-managed aprox): 0.00
2025-10-25 00:36:13.638 | INFO     | __main__:main:155 - Sin ChoCH válido | trend=SIDEWAYS | conf=0.00
2025-10-25 00:36:13.638 | INFO     | __main__:main:158 - PnL realizado (exchange-managed aprox): 0.00
2025-10-25 00:41:59.818 | INFO     | __main__:main:155 - Sin ChoCH válido | trend=SIDEWAYS | conf=0.00
2025-10-25 00:41:59.818 | INFO     | __main__:main:158 - PnL realizado (exchange-managed aprox): 0.00
2025-10-25 00:47:46.339 | INFO     | __main__:main:155 - Sin ChoCH válido | trend=SIDEWAYS | conf=0.00
2025-10-25 00:47:46.339 | INFO     | __main__:main:158 - PnL realizado (exchange-managed aprox): 0.00
2025-10-25 00:51:27.903 | INFO     | __main__:main:155 - Sin ChoCH válido | trend=SIDEWAYS | conf=0.00
2025-10-25 00:51:27.903 | INFO     | __main__:main:158 - PnL realizado (exchange-managed aprox): 0.00
2025-10-25 00:57:12.144 | INFO     | __main__:main:155 - Sin ChoCH válido | trend=SIDEWAYS | conf=0.00
2025-10-25 00:57:12.144 | INFO     | __main__:main:158 - PnL realizado (exchange-managed aprox): 0.00
2025-10-25 01:00:54.634 | INFO     | __main__:main:155 - Sin ChoCH válido | trend=SIDEWAYS | conf=0.00
2025-10-25 01:00:54.635 | INFO     | __main__:main:158 - PnL realizado (exchange-managed aprox): 0.00
2025-10-25 01:06:40.055 | INFO     | __main__:main:155 - Sin ChoCH válido | trend=SIDEWAYS | conf=0.00
2025-10-25 01:06:40.055 | INFO     | __main__:main:158 - PnL realizado (exchange-managed aprox): 0.00
2025-10-25 01:12:22.073 | INFO     | __main__:main:155 - Sin ChoCH válido | trend=SIDEWAYS | conf=0.00
2025-10-25 01:12:22.073 | INFO     | __main__:main:158 - PnL realizado (exchange-managed aprox): 0.00
2025-10-25 01:16:03.908 | INFO     | __main__:main:155 - Sin ChoCH válido | trend=SIDEWAYS | conf=0.00
2025-10-25 01:16:03.908 | INFO     | __main__:main:158 - PnL realizado (exchange-managed aprox): 0.00
2025-10-25 01:21:46.712 | INFO     | __main__:main:155 - Sin ChoCH válido | trend=SIDEWAYS | conf=0.00
2025-10-25 01:21:46.712 | INFO     | __main__:main:158 - PnL realizado (exchange-managed aprox): 0.00
2025-10-25 01:27:30.198 | INFO     | __main__:main:155 - Sin ChoCH válido | trend=SIDEWAYS | conf=0.00
2025-10-25 01:27:30.198 | INFO     | __main__:main:158 - PnL realizado (exchange-managed aprox): 0.00
2025-10-25 01:31:11.003 | INFO     | __main__:main:155 - Sin ChoCH válido | trend=SIDEWAYS | conf=0.00
2025-10-25 01:31:11.004 | INFO     | __main__:main:158 - PnL realizado (exchange-managed aprox): 0.00
2025-10-25 01:36:52.275 | INFO     | __main__:main:155 - Sin ChoCH válido | trend=SIDEWAYS | conf=0.00
2025-10-25 01:36:52.276 | INFO     | __main__:main:158 - PnL realizado (exchange-managed aprox): 0.00
2025-10-25 01:42:32.683 | INFO     | __main__:main:155 - Sin ChoCH válido | trend=SIDEWAYS | conf=0.00
2025-10-25 01:42:32.684 | INFO     | __main__:main:158 - PnL realizado (exchange-managed aprox): 0.00
2025-10-25 01:46:13.149 | INFO     | __main__:main:155 - Sin ChoCH válido | trend=SIDEWAYS | conf=0.00
2025-10-25 01:46:13.149 | INFO     | __main__:main:158 - PnL realizado (exchange-managed aprox): 0.00
2025-10-25 01:51:54.986 | INFO     | __main__:main:155 - Sin ChoCH válido | trend=SIDEWAYS | conf=0.00
2025-10-25 01:51:54.986 | INFO     | __main__:main:158 - PnL realizado (exchange-managed aprox): 0.00
2025-10-25 01:57:36.807 | INFO     | __main__:main:155 - Sin ChoCH válido | trend=SIDEWAYS | conf=0.00
2025-10-25 01:57:36.807 | INFO     | __main__:main:158 - PnL realizado (exchange-managed aprox): 0.00
2025-10-25 02:01:18.524 | INFO     | __main__:main:155 - Sin ChoCH válido | trend=SIDEWAYS | conf=0.00
2025-10-25 02:01:18.524 | INFO     | __main__:main:158 - PnL realizado (exchange-managed aprox): 0.00
2025-10-25 02:07:02.782 | INFO     | __main__:main:155 - Sin ChoCH válido | trend=SIDEWAYS | conf=0.00
2025-10-25 02:07:02.782 | INFO     | __main__:main:158 - PnL realizado (exchange-managed aprox): 0.00
2025-10-25 02:10:44.372 | INFO     | __main__:main:155 - Sin ChoCH válido | trend=SIDEWAYS | conf=0.00
2025-10-25 02:10:44.372 | INFO     | __main__:main:158 - PnL realizado (exchange-managed aprox): 0.00
2025-10-25 02:16:29.192 | INFO     | __main__:main:155 - Sin ChoCH válido | trend=SIDEWAYS | conf=0.00
2025-10-25 02:16:29.193 | INFO     | __main__:main:158 - PnL realizado (exchange-managed aprox): 0.00
2025-10-25 02:22:13.854 | INFO     | __main__:main:155 - Sin ChoCH válido | trend=SIDEWAYS | conf=0.00
2025-10-25 02:22:13.855 | INFO     | __main__:main:158 - PnL realizado (exchange-managed aprox): 0.00
2025-10-25 02:25:56.261 | INFO     | __main__:main:155 - Sin ChoCH válido | trend=SIDEWAYS | conf=0.00
2025-10-25 02:25:56.262 | INFO     | __main__:main:158 - PnL realizado (exchange-managed aprox): 0.00
2025-10-25 02:31:42.032 | INFO     | __main__:main:155 - Sin ChoCH válido | trend=SIDEWAYS | conf=0.00
2025-10-25 02:31:42.032 | INFO     | __main__:main:158 - PnL realizado (exchange-managed aprox): 0.00
2025-10-25 02:37:25.878 | INFO     | __main__:main:155 - Sin ChoCH válido | trend=SIDEWAYS | conf=0.00
2025-10-25 02:37:25.878 | INFO     | __main__:main:158 - PnL realizado (exchange-managed aprox): 0.00
2025-10-25 02:41:07.116 | INFO     | __main__:main:155 - Sin ChoCH válido | trend=SIDEWAYS | conf=0.00
2025-10-25 02:41:07.117 | INFO     | __main__:main:158 - PnL realizado (exchange-managed aprox): 0.00
2025-10-25 02:46:51.927 | INFO     | __main__:main:155 - Sin ChoCH válido | trend=SIDEWAYS | conf=0.00
2025-10-25 02:46:51.928 | INFO     | __main__:main:158 - PnL realizado (exchange-managed aprox): 0.00
2025-10-25 02:52:34.696 | INFO     | __main__:main:155 - Sin ChoCH válido | trend=SIDEWAYS | conf=0.00
2025-10-25 02:52:34.696 | INFO     | __main__:main:158 - PnL realizado (exchange-managed aprox): 0.00
2025-10-25 02:56:13.925 | INFO     | __main__:main:155 - Sin ChoCH válido | trend=SIDEWAYS | conf=0.00
2025-10-25 02:56:13.925 | INFO     | __main__:main:158 - PnL realizado (exchange-managed aprox): 0.00
2025-10-25 03:01:55.831 | INFO     | __main__:main:155 - Sin ChoCH válido | trend=SIDEWAYS | conf=0.00
2025-10-25 03:01:55.831 | INFO     | __main__:main:158 - PnL realizado (exchange-managed aprox): 0.00
2025-10-25 03:07:38.556 | INFO     | __main__:main:155 - Sin ChoCH válido | trend=SIDEWAYS | conf=0.00
2025-10-25 03:07:38.556 | INFO     | __main__:main:158 - PnL realizado (exchange-managed aprox): 0.00
2025-10-25 03:11:21.750 | INFO     | __main__:main:155 - Sin ChoCH válido | trend=SIDEWAYS | conf=0.00
2025-10-25 03:11:21.750 | INFO     | __main__:main:158 - PnL realizado (exchange-managed aprox): 0.00
2025-10-25 03:17:06.630 | INFO     | __main__:main:155 - Sin ChoCH válido | trend=SIDEWAYS | conf=0.00
2025-10-25 03:17:06.631 | INFO     | __main__:main:158 - PnL realizado (exchange-managed aprox): 0.00
2025-10-25 03:20:49.807 | INFO     | __main__:main:155 - Sin ChoCH válido | trend=SIDEWAYS | conf=0.00
2025-10-25 03:20:49.808 | INFO     | __main__:main:158 - PnL realizado (exchange-managed aprox): 0.00
2025-10-25 03:26:35.157 | INFO     | __main__:main:155 - Sin ChoCH válido | trend=SIDEWAYS | conf=0.00
2025-10-25 03:26:35.158 | INFO     | __main__:main:158 - PnL realizado (exchange-managed aprox): 0.00
2025-10-25 03:32:20.398 | INFO     | __main__:main:155 - Sin ChoCH válido | trend=SIDEWAYS | conf=0.00
2025-10-25 03:32:20.399 | INFO     | __main__:main:158 - PnL realizado (exchange-managed aprox): 0.00
2025-10-25 03:36:01.689 | INFO     | __main__:main:155 - Sin ChoCH válido | trend=SIDEWAYS | conf=0.00
2025-10-25 03:36:01.689 | INFO     | __main__:main:158 - PnL realizado (exchange-managed aprox): 0.00
2025-10-25 03:41:45.317 | INFO     | __main__:main:155 - Sin ChoCH válido | trend=SIDEWAYS | conf=0.00
2025-10-25 03:41:45.317 | INFO     | __main__:main:158 - PnL realizado (exchange-managed aprox): 0.00
2025-10-25 03:47:26.914 | INFO     | __main__:main:155 - Sin ChoCH válido | trend=SIDEWAYS | conf=0.00
2025-10-25 03:47:26.915 | INFO     | __main__:main:158 - PnL realizado (exchange-managed aprox): 0.00
2025-10-25 03:51:10.154 | INFO     | __main__:main:155 - Sin ChoCH válido | trend=SIDEWAYS | conf=0.00
2025-10-25 03:51:10.155 | INFO     | __main__:main:158 - PnL realizado (exchange-managed aprox): 0.00
2025-10-25 03:56:54.663 | INFO     | __main__:main:155 - Sin ChoCH válido | trend=SIDEWAYS | conf=0.00
2025-10-25 03:56:54.663 | INFO     | __main__:main:158 - PnL realizado (exchange-managed aprox): 0.00
2025-10-25 04:02:39.315 | INFO     | __main__:main:155 - Sin ChoCH válido | trend=SIDEWAYS | conf=0.00
2025-10-25 04:02:39.315 | INFO     | __main__:main:158 - PnL realizado (exchange-managed aprox): 0.00
2025-10-25 04:06:22.263 | INFO     | __main__:main:155 - Sin ChoCH válido | trend=SIDEWAYS | conf=0.00
2025-10-25 04:06:22.263 | INFO     | __main__:main:158 - PnL realizado (exchange-managed aprox): 0.00
2025-10-25 04:12:07.747 | INFO     | __main__:main:155 - Sin ChoCH válido | trend=SIDEWAYS | conf=0.00
2025-10-25 04:12:07.748 | INFO     | __main__:main:158 - PnL realizado (exchange-managed aprox): 0.00
2025-10-25 04:15:50.932 | INFO     | __main__:main:155 - Sin ChoCH válido | trend=SIDEWAYS | conf=0.00
2025-10-25 04:15:50.932 | INFO     | __main__:main:158 - PnL realizado (exchange-managed aprox): 0.00
2025-10-25 04:21:34.394 | INFO     | __main__:main:155 - Sin ChoCH válido | trend=SIDEWAYS | conf=0.00
2025-10-25 04:21:34.394 | INFO     | __main__:main:158 - PnL realizado (exchange-managed aprox): 0.00
2025-10-25 04:27:17.808 | INFO     | __main__:main:155 - Sin ChoCH válido | trend=SIDEWAYS | conf=0.00
2025-10-25 04:27:17.809 | INFO     | __main__:main:158 - PnL realizado (exchange-managed aprox): 0.00
2025-10-25 04:30:59.609 | INFO     | __main__:main:155 - Sin ChoCH válido | trend=SIDEWAYS | conf=0.00
2025-10-25 04:30:59.609 | INFO     | __main__:main:158 - PnL realizado (exchange-managed aprox): 0.00
2025-10-25 04:36:42.872 | INFO     | __main__:main:155 - Sin ChoCH válido | trend=SIDEWAYS | conf=0.00
2025-10-25 04:36:42.872 | INFO     | __main__:main:158 - PnL realizado (exchange-managed aprox): 0.00
2025-10-25 04:42:26.524 | INFO     | __main__:main:155 - Sin ChoCH válido | trend=SIDEWAYS | conf=0.00
2025-10-25 04:42:26.524 | INFO     | __main__:main:158 - PnL realizado (exchange-managed aprox): 0.00
2025-10-25 04:46:09.083 | INFO     | __main__:main:155 - Sin ChoCH válido | trend=SIDEWAYS | conf=0.00
2025-10-25 04:46:09.084 | INFO     | __main__:main:158 - PnL realizado (exchange-managed aprox): 0.00
2025-10-25 04:51:54.685 | INFO     | __main__:main:155 - Sin ChoCH válido | trend=SIDEWAYS | conf=0.00
2025-10-25 04:51:54.685 | INFO     | __main__:main:158 - PnL realizado (exchange-managed aprox): 0.00
2025-10-25 04:57:40.037 | INFO     | __main__:main:155 - Sin ChoCH válido | trend=SIDEWAYS | conf=0.00
2025-10-25 04:57:40.037 | INFO     | __main__:main:158 - PnL realizado (exchange-managed aprox): 0.00
2025-10-25 05:01:22.271 | INFO     | __main__:main:155 - Sin ChoCH válido | trend=SIDEWAYS | conf=0.00
2025-10-25 05:01:22.271 | INFO     | __main__:main:158 - PnL realizado (exchange-managed aprox): 0.00
2025-10-25 05:07:05.354 | INFO     | __main__:main:155 - Sin ChoCH válido | trend=SIDEWAYS | conf=0.00
2025-10-25 05:07:05.354 | INFO     | __main__:main:158 - PnL realizado (exchange-managed aprox): 0.00
2025-10-25 05:10:47.987 | INFO     | __main__:main:155 - Sin ChoCH válido | trend=SIDEWAYS | conf=0.00
2025-10-25 05:10:47.987 | INFO     | __main__:main:158 - PnL realizado (exchange-managed aprox): 0.00
2025-10-25 05:16:29.945 | INFO     | __main__:main:155 - Sin ChoCH válido | trend=SIDEWAYS | conf=0.00
2025-10-25 05:16:29.945 | INFO     | __main__:main:158 - PnL realizado (exchange-managed aprox): 0.00
2025-10-25 05:22:10.529 | INFO     | __main__:main:155 - Sin ChoCH válido | trend=SIDEWAYS | conf=0.00
2025-10-25 05:22:10.530 | INFO     | __main__:main:158 - PnL realizado (exchange-managed aprox): 0.00
2025-10-25 05:25:48.944 | INFO     | __main__:main:155 - Sin ChoCH válido | trend=SIDEWAYS | conf=0.00
2025-10-25 05:25:48.944 | INFO     | __main__:main:158 - PnL realizado (exchange-managed aprox): 0.00
2025-10-25 05:31:29.602 | INFO     | __main__:main:155 - Sin ChoCH válido | trend=SIDEWAYS | conf=0.00
2025-10-25 05:31:29.603 | INFO     | __main__:main:158 - PnL realizado (exchange-managed aprox): 0.00
2025-10-25 05:37:09.997 | INFO     | __main__:main:155 - Sin ChoCH válido | trend=SIDEWAYS | conf=0.00
2025-10-25 05:37:09.997 | INFO     | __main__:main:158 - PnL realizado (exchange-managed aprox): 0.00
2025-10-25 05:40:49.103 | INFO     | __main__:main:155 - Sin ChoCH válido | trend=SIDEWAYS | conf=0.00
2025-10-25 05:40:49.104 | INFO     | __main__:main:158 - PnL realizado (exchange-managed aprox): 0.00
2025-10-25 05:46:31.866 | INFO     | __main__:main:155 - Sin ChoCH válido | trend=SIDEWAYS | conf=0.00
2025-10-25 05:46:31.866 | INFO     | __main__:main:158 - PnL realizado (exchange-managed aprox): 0.00
2025-10-25 05:52:13.214 | INFO     | __main__:main:155 - Sin ChoCH válido | trend=SIDEWAYS | conf=0.00
2025-10-25 05:52:13.214 | INFO     | __main__:main:158 - PnL realizado (exchange-managed aprox): 0.00
2025-10-25 05:55:53.750 | INFO     | __main__:main:155 - Sin ChoCH válido | trend=SIDEWAYS | conf=0.00
2025-10-25 05:55:53.751 | INFO     | __main__:main:158 - PnL realizado (exchange-managed aprox): 0.00
2025-10-25 06:01:37.290 | INFO     | __main__:main:155 - Sin ChoCH válido | trend=SIDEWAYS | conf=0.00
2025-10-25 06:01:37.291 | INFO     | __main__:main:158 - PnL realizado (exchange-managed aprox): 0.00
2025-10-25 06:07:20.944 | INFO     | __main__:main:155 - Sin ChoCH válido | trend=SIDEWAYS | conf=0.00
2025-10-25 06:07:20.944 | INFO     | __main__:main:158 - PnL realizado (exchange-managed aprox): 0.00
2025-10-25 06:11:00.565 | INFO     | __main__:main:155 - Sin ChoCH válido | trend=SIDEWAYS | conf=0.00
2025-10-25 06:11:00.566 | INFO     | __main__:main:158 - PnL realizado (exchange-managed aprox): 0.00
2025-10-25 06:16:43.868 | INFO     | __main__:main:155 - Sin ChoCH válido | trend=SIDEWAYS | conf=0.00
2025-10-25 06:16:43.868 | INFO     | __main__:main:158 - PnL realizado (exchange-managed aprox): 0.00
2025-10-25 06:22:26.127 | INFO     | __main__:main:155 - Sin ChoCH válido | trend=SIDEWAYS | conf=0.00
2025-10-25 06:22:26.128 | INFO     | __main__:main:158 - PnL realizado (exchange-managed aprox): 0.00
2025-10-25 06:26:08.305 | INFO     | __main__:main:155 - Sin ChoCH válido | trend=SIDEWAYS | conf=0.00
2025-10-25 06:26:08.305 | INFO     | __main__:main:158 - PnL realizado (exchange-managed aprox): 0.00
2025-10-25 06:31:52.620 | INFO     | __main__:main:155 - Sin ChoCH válido | trend=SIDEWAYS | conf=0.00
2025-10-25 06:31:52.621 | INFO     | __main__:main:158 - PnL realizado (exchange-managed aprox): 0.00
2025-10-25 06:37:36.807 | INFO     | __main__:main:155 - Sin ChoCH válido | trend=SIDEWAYS | conf=0.00
2025-10-25 06:37:36.807 | INFO     | __main__:main:158 - PnL realizado (exchange-managed aprox): 0.00
2025-10-25 06:41:20.732 | INFO     | __main__:main:155 - Sin ChoCH válido | trend=SIDEWAYS | conf=0.00
2025-10-25 06:41:20.733 | INFO     | __main__:main:158 - PnL realizado (exchange-managed aprox): 0.00
2025-10-25 06:47:05.492 | INFO     | __main__:main:155 - Sin ChoCH válido | trend=SIDEWAYS | conf=0.00
2025-10-25 06:47:05.492 | INFO     | __main__:main:158 - PnL realizado (exchange-managed aprox): 0.00
2025-10-25 06:50:49.899 | INFO     | __main__:main:155 - Sin ChoCH válido | trend=SIDEWAYS | conf=0.00
2025-10-25 06:50:49.900 | INFO     | __main__:main:158 - PnL realizado (exchange-managed aprox): 0.00
2025-10-25 06:56:36.427 | INFO     | __main__:main:155 - Sin ChoCH válido | trend=SIDEWAYS | conf=0.00
2025-10-25 06:56:36.428 | INFO     | __main__:main:158 - PnL realizado (exchange-managed aprox): 0.00
2025-10-25 07:02:20.942 | INFO     | __main__:main:155 - Sin ChoCH válido | trend=SIDEWAYS | conf=0.00
2025-10-25 07:02:20.943 | INFO     | __main__:main:158 - PnL realizado (exchange-managed aprox): 0.00
2025-10-25 07:06:02.567 | INFO     | __main__:main:155 - Sin ChoCH válido | trend=SIDEWAYS | conf=0.00
2025-10-25 07:06:02.567 | INFO     | __main__:main:158 - PnL realizado (exchange-managed aprox): 0.00
2025-10-25 07:11:47.475 | INFO     | __main__:main:155 - Sin ChoCH válido | trend=SIDEWAYS | conf=0.00
2025-10-25 07:11:47.475 | INFO     | __main__:main:158 - PnL realizado (exchange-managed aprox): 0.00
2025-10-25 07:17:30.846 | INFO     | __main__:main:155 - Sin ChoCH válido | trend=SIDEWAYS | conf=0.00
2025-10-25 07:17:30.846 | INFO     | __main__:main:158 - PnL realizado (exchange-managed aprox): 0.00
2025-10-25 07:21:13.718 | INFO     | __main__:main:155 - Sin ChoCH válido | trend=SIDEWAYS | conf=0.00
2025-10-25 07:21:13.719 | INFO     | __main__:main:158 - PnL realizado (exchange-managed aprox): 0.00
2025-10-25 07:26:58.959 | INFO     | __main__:main:155 - Sin ChoCH válido | trend=SIDEWAYS | conf=0.00
2025-10-25 07:26:58.959 | INFO     | __main__:main:158 - PnL realizado (exchange-managed aprox): 0.00
2025-10-25 07:32:42.393 | INFO     | __main__:main:155 - Sin ChoCH válido | trend=SIDEWAYS | conf=0.00
2025-10-25 07:32:42.394 | INFO     | __main__:main:158 - PnL realizado (exchange-managed aprox): 0.00
2025-10-25 07:36:26.937 | INFO     | __main__:main:155 - Sin ChoCH válido | trend=SIDEWAYS | conf=0.00
2025-10-25 07:36:26.937 | INFO     | __main__:main:158 - PnL realizado (exchange-managed aprox): 0.00
2025-10-25 07:42:12.818 | INFO     | __main__:main:155 - Sin ChoCH válido | trend=SIDEWAYS | conf=0.00
2025-10-25 07:42:12.819 | INFO     | __main__:main:158 - PnL realizado (exchange-managed aprox): 0.00
2025-10-25 07:45:56.435 | INFO     | __main__:main:155 - Sin ChoCH válido | trend=SIDEWAYS | conf=0.00
2025-10-25 07:45:56.436 | INFO     | __main__:main:158 - PnL realizado (exchange-managed aprox): 0.00
2025-10-25 07:51:42.702 | INFO     | __main__:main:155 - Sin ChoCH válido | trend=SIDEWAYS | conf=0.00
2025-10-25 07:51:42.702 | INFO     | __main__:main:158 - PnL realizado (exchange-managed aprox): 0.00
2025-10-25 07:57:26.360 | INFO     | __main__:main:155 - Sin ChoCH válido | trend=SIDEWAYS | conf=0.00
2025-10-25 07:57:26.360 | INFO     | __main__:main:158 - PnL realizado (exchange-managed aprox): 0.00
2025-10-25 08:01:10.717 | INFO     | __main__:main:155 - Sin ChoCH válido | trend=SIDEWAYS | conf=0.00
2025-10-25 08:01:10.717 | INFO     | __main__:main:158 - PnL realizado (exchange-managed aprox): 0.00
2025-10-25 08:06:56.388 | INFO     | __main__:main:155 - Sin ChoCH válido | trend=SIDEWAYS | conf=0.00
2025-10-25 08:06:56.388 | INFO     | __main__:main:158 - PnL realizado (exchange-managed aprox): 0.00
2025-10-25 08:12:41.481 | INFO     | __main__:main:155 - Sin ChoCH válido | trend=SIDEWAYS | conf=0.00
2025-10-25 08:12:41.481 | INFO     | __main__:main:158 - PnL realizado (exchange-managed aprox): 0.00
2025-10-25 08:16:24.592 | INFO     | __main__:main:155 - Sin ChoCH válido | trend=SIDEWAYS | conf=0.00
2025-10-25 08:16:24.593 | INFO     | __main__:main:158 - PnL realizado (exchange-managed aprox): 0.00
2025-10-25 08:22:11.280 | INFO     | __main__:main:155 - Sin ChoCH válido | trend=SIDEWAYS | conf=0.00
2025-10-25 08:22:11.281 | INFO     | __main__:main:158 - PnL realizado (exchange-managed aprox): 0.00
2025-10-25 08:25:55.089 | INFO     | __main__:main:155 - Sin ChoCH válido | trend=SIDEWAYS | conf=0.00
2025-10-25 08:25:55.089 | INFO     | __main__:main:158 - PnL realizado (exchange-managed aprox): 0.00
2025-10-25 08:31:40.039 | INFO     | __main__:main:155 - Sin ChoCH válido | trend=SIDEWAYS | conf=0.00
2025-10-25 08:31:40.039 | INFO     | __main__:main:158 - PnL realizado (exchange-managed aprox): 0.00
2025-10-25 08:37:25.689 | INFO     | __main__:main:155 - Sin ChoCH válido | trend=SIDEWAYS | conf=0.00
2025-10-25 08:37:25.689 | INFO     | __main__:main:158 - PnL realizado (exchange-managed aprox): 0.00
2025-10-25 08:41:08.748 | INFO     | __main__:main:155 - Sin ChoCH válido | trend=SIDEWAYS | conf=0.00
2025-10-25 08:41:08.748 | INFO     | __main__:main:158 - PnL realizado (exchange-managed aprox): 0.00
2025-10-25 08:46:53.520 | INFO     | __main__:main:155 - Sin ChoCH válido | trend=SIDEWAYS | conf=0.00
2025-10-25 08:46:53.520 | INFO     | __main__:main:158 - PnL realizado (exchange-managed aprox): 0.00
2025-10-25 08:52:35.603 | INFO     | __main__:main:155 - Sin ChoCH válido | trend=SIDEWAYS | conf=0.00
2025-10-25 08:52:35.603 | INFO     | __main__:main:158 - PnL realizado (exchange-managed aprox): 0.00
2025-10-25 08:56:18.357 | WARNING  | structure_oracle:detect_structure_with_llm:89 - JSON parse error: 1 validation error for StructureReport
confidence
  Field required [type=missing, input_value={'tren
2025-10-25 08:56:18.358 | INFO     | __main__:main:155 - Sin ChoCH válido | trend=SIDEWAYS | conf=0.00
2025-10-25 08:56:18.358 | INFO     | __main__:main:158 - PnL realizado (exchange-managed aprox): 0.00
2025-10-25 09:02:02.018 | INFO     | __main__:main:155 - Sin ChoCH válido | trend=SIDEWAYS | conf=0.00
2025-10-25 09:02:02.018 | INFO     | __main__:main:158 - PnL realizado (exchange-managed aprox): 0.00
2025-10-25 09:05:45.573 | INFO     | __main__:main:155 - Sin ChoCH válido | trend=SIDEWAYS | conf=0.00
2025-10-25 09:05:45.574 | INFO     | __main__:main:158 - PnL realizado (exchange-managed aprox): 0.00
2025-10-25 09:11:30.974 | INFO     | __main__:main:155 - Sin ChoCH válido | trend=SIDEWAYS | conf=0.00
2025-10-25 09:11:30.974 | INFO     | __main__:main:158 - PnL realizado (exchange-managed aprox): 0.00
2025-10-25 09:17:19.284 | INFO     | __main__:main:155 - Sin ChoCH válido | trend=SIDEWAYS | conf=0.00
2025-10-25 09:17:19.284 | INFO     | __main__:main:158 - PnL realizado (exchange-managed aprox): 0.00
2025-10-25 09:21:03.491 | INFO     | __main__:main:155 - Sin ChoCH válido | trend=SIDEWAYS | conf=0.00
2025-10-25 09:21:03.492 | INFO     | __main__:main:158 - PnL realizado (exchange-managed aprox): 0.00
2025-10-25 09:26:49.785 | INFO     | __main__:main:155 - Sin ChoCH válido | trend=SIDEWAYS | conf=0.00
2025-10-25 09:26:49.786 | INFO     | __main__:main:158 - PnL realizado (exchange-managed aprox): 0.00
2025-10-25 09:32:34.159 | INFO     | __main__:main:155 - Sin ChoCH válido | trend=SIDEWAYS | conf=0.00
2025-10-25 09:32:34.160 | INFO     | __main__:main:158 - PnL realizado (exchange-managed aprox): 0.00
2025-10-25 09:36:20.209 | INFO     | __main__:main:155 - Sin ChoCH válido | trend=SIDEWAYS | conf=0.00
2025-10-25 09:36:20.210 | INFO     | __main__:main:158 - PnL realizado (exchange-managed aprox): 0.00
2025-10-25 09:42:05.753 | INFO     | __main__:main:155 - Sin ChoCH válido | trend=SIDEWAYS | conf=0.00
2025-10-25 09:42:05.754 | INFO     | __main__:main:158 - PnL realizado (exchange-managed aprox): 0.00
2025-10-25 09:45:50.489 | INFO     | __main__:main:155 - Sin ChoCH válido | trend=SIDEWAYS | conf=0.00
2025-10-25 09:45:50.489 | INFO     | __main__:main:158 - PnL realizado (exchange-managed aprox): 0.00
2025-10-25 09:51:38.229 | INFO     | __main__:main:155 - Sin ChoCH válido | trend=SIDEWAYS | conf=0.00
2025-10-25 09:51:38.230 | INFO     | __main__:main:158 - PnL realizado (exchange-managed aprox): 0.00
2025-10-25 09:57:23.508 | INFO     | __main__:main:155 - Sin ChoCH válido | trend=SIDEWAYS | conf=0.00
2025-10-25 09:57:23.509 | INFO     | __main__:main:158 - PnL realizado (exchange-managed aprox): 0.00
2025-10-25 10:01:06.114 | INFO     | __main__:main:155 - Sin ChoCH válido | trend=SIDEWAYS | conf=0.00
2025-10-25 10:01:06.115 | INFO     | __main__:main:158 - PnL realizado (exchange-managed aprox): 0.00
2025-10-25 10:06:50.445 | INFO     | __main__:main:155 - Sin ChoCH válido | trend=SIDEWAYS | conf=0.00
2025-10-25 10:06:50.445 | INFO     | __main__:main:158 - PnL realizado (exchange-managed aprox): 0.00
2025-10-25 10:12:32.098 | INFO     | __main__:main:155 - Sin ChoCH válido | trend=SIDEWAYS | conf=0.00
2025-10-25 10:12:32.099 | INFO     | __main__:main:158 - PnL realizado (exchange-managed aprox): 0.00
2025-10-25 10:16:14.217 | INFO     | __main__:main:155 - Sin ChoCH válido | trend=SIDEWAYS | conf=0.00
2025-10-25 10:16:14.218 | INFO     | __main__:main:158 - PnL realizado (exchange-managed aprox): 0.00
2025-10-25 10:21:59.871 | INFO     | __main__:main:155 - Sin ChoCH válido | trend=SIDEWAYS | conf=0.00
2025-10-25 10:21:59.871 | INFO     | __main__:main:158 - PnL realizado (exchange-managed aprox): 0.00
2025-10-25 10:25:41.789 | INFO     | __main__:main:155 - Sin ChoCH válido | trend=SIDEWAYS | conf=0.00
2025-10-25 10:25:41.790 | INFO     | __main__:main:158 - PnL realizado (exchange-managed aprox): 0.00
2025-10-25 10:31:24.653 | INFO     | __main__:main:155 - Sin ChoCH válido | trend=SIDEWAYS | conf=0.00
2025-10-25 10:31:24.653 | INFO     | __main__:main:158 - PnL realizado (exchange-managed aprox): 0.00
2025-10-25 10:37:10.601 | INFO     | __main__:main:155 - Sin ChoCH válido | trend=SIDEWAYS | conf=0.00
2025-10-25 10:37:10.602 | INFO     | __main__:main:158 - PnL realizado (exchange-managed aprox): 0.00
2025-10-25 10:40:53.164 | INFO     | __main__:main:155 - Sin ChoCH válido | trend=SIDEWAYS | conf=0.00
2025-10-25 10:40:53.165 | INFO     | __main__:main:158 - PnL realizado (exchange-managed aprox): 0.00
2025-10-25 10:46:37.696 | INFO     | __main__:main:155 - Sin ChoCH válido | trend=SIDEWAYS | conf=0.00
2025-10-25 10:46:37.696 | INFO     | __main__:main:158 - PnL realizado (exchange-managed aprox): 0.00
2025-10-25 10:52:20.399 | INFO     | __main__:main:155 - Sin ChoCH válido | trend=SIDEWAYS | conf=0.00
2025-10-25 10:52:20.400 | INFO     | __main__:main:158 - PnL realizado (exchange-managed aprox): 0.00
2025-10-25 10:56:00.685 | INFO     | __main__:main:155 - Sin ChoCH válido | trend=SIDEWAYS | conf=0.00
2025-10-25 10:56:00.685 | INFO     | __main__:main:158 - PnL realizado (exchange-managed aprox): 0.00
2025-10-25 11:01:45.624 | INFO     | __main__:main:155 - Sin ChoCH válido | trend=SIDEWAYS | conf=0.00
2025-10-25 11:01:45.625 | INFO     | __main__:main:158 - PnL realizado (exchange-managed aprox): 0.00
2025-10-25 11:07:28.826 | INFO     | __main__:main:155 - Sin ChoCH válido | trend=SIDEWAYS | conf=0.00
2025-10-25 11:07:28.826 | INFO     | __main__:main:158 - PnL realizado (exchange-managed aprox): 0.00
2025-10-25 11:11:11.962 | INFO     | __main__:main:155 - Sin ChoCH válido | trend=SIDEWAYS | conf=0.00
2025-10-25 11:11:11.962 | INFO     | __main__:main:158 - PnL realizado (exchange-managed aprox): 0.00
2025-10-25 11:16:57.507 | INFO     | __main__:main:155 - Sin ChoCH válido | trend=SIDEWAYS | conf=0.00
2025-10-25 11:16:57.507 | INFO     | __main__:main:158 - PnL realizado (exchange-managed aprox): 0.00
2025-10-25 11:22:42.086 | INFO     | __main__:main:155 - Sin ChoCH válido | trend=SIDEWAYS | conf=0.00
2025-10-25 11:22:42.086 | INFO     | __main__:main:158 - PnL realizado (exchange-managed aprox): 0.00
2025-10-25 11:26:24.426 | INFO     | __main__:main:155 - Sin ChoCH válido | trend=SIDEWAYS | conf=0.00
2025-10-25 11:26:24.426 | INFO     | __main__:main:158 - PnL realizado (exchange-managed aprox): 0.00
2025-10-25 11:32:07.776 | INFO     | __main__:main:155 - Sin ChoCH válido | trend=SIDEWAYS | conf=0.00
2025-10-25 11:32:07.776 | INFO     | __main__:main:158 - PnL realizado (exchange-managed aprox): 0.00
2025-10-25 11:35:51.238 | INFO     | __main__:main:155 - Sin ChoCH válido | trend=SIDEWAYS | conf=0.00
2025-10-25 11:35:51.239 | INFO     | __main__:main:158 - PnL realizado (exchange-managed aprox): 0.00
2025-10-25 11:41:36.441 | INFO     | __main__:main:155 - Sin ChoCH válido | trend=SIDEWAYS | conf=0.00
2025-10-25 11:41:36.441 | INFO     | __main__:main:158 - PnL realizado (exchange-managed aprox): 0.00
2025-10-25 11:47:20.984 | INFO     | __main__:main:155 - Sin ChoCH válido | trend=SIDEWAYS | conf=0.00
2025-10-25 11:47:20.984 | INFO     | __main__:main:158 - PnL realizado (exchange-managed aprox): 0.00
2025-10-25 11:51:03.557 | INFO     | __main__:main:155 - Sin ChoCH válido | trend=SIDEWAYS | conf=0.00
2025-10-25 11:51:03.557 | INFO     | __main__:main:158 - PnL realizado (exchange-managed aprox): 0.00
2025-10-25 11:56:50.596 | INFO     | __main__:main:155 - Sin ChoCH válido | trend=SIDEWAYS | conf=0.00
2025-10-25 11:56:50.597 | INFO     | __main__:main:158 - PnL realizado (exchange-managed aprox): 0.00
2025-10-25 12:02:35.256 | INFO     | __main__:main:155 - Sin ChoCH válido | trend=SIDEWAYS | conf=0.00
2025-10-25 12:02:35.257 | INFO     | __main__:main:158 - PnL realizado (exchange-managed aprox): 0.00
2025-10-25 12:06:18.808 | INFO     | __main__:main:155 - Sin ChoCH válido | trend=SIDEWAYS | conf=0.00
2025-10-25 12:06:18.808 | INFO     | __main__:main:158 - PnL realizado (exchange-managed aprox): 0.00
2025-10-25 12:12:03.635 | INFO     | __main__:main:155 - Sin ChoCH válido | trend=SIDEWAYS | conf=0.00
2025-10-25 12:12:03.635 | INFO     | __main__:main:158 - PnL realizado (exchange-managed aprox): 0.00
2025-10-25 12:15:46.783 | INFO     | __main__:main:155 - Sin ChoCH válido | trend=SIDEWAYS | conf=0.00
2025-10-25 12:15:46.783 | INFO     | __main__:main:158 - PnL realizado (exchange-managed aprox): 0.00
2025-10-25 12:21:32.240 | INFO     | __main__:main:155 - Sin ChoCH válido | trend=SIDEWAYS | conf=0.00
2025-10-25 12:21:32.240 | INFO     | __main__:main:158 - PnL realizado (exchange-managed aprox): 0.00
2025-10-25 12:27:17.768 | INFO     | __main__:main:155 - Sin ChoCH válido | trend=SIDEWAYS | conf=0.00
2025-10-25 12:27:17.769 | INFO     | __main__:main:158 - PnL realizado (exchange-managed aprox): 0.00
2025-10-25 12:31:00.909 | INFO     | __main__:main:155 - Sin ChoCH válido | trend=SIDEWAYS | conf=0.00
2025-10-25 12:31:00.909 | INFO     | __main__:main:158 - PnL realizado (exchange-managed aprox): 0.00
2025-10-25 12:36:45.854 | INFO     | __main__:main:155 - Sin ChoCH válido | trend=SIDEWAYS | conf=0.00
2025-10-25 12:36:45.854 | INFO     | __main__:main:158 - PnL realizado (exchange-managed aprox): 0.00
2025-10-25 12:42:32.472 | INFO     | __main__:main:155 - Sin ChoCH válido | trend=SIDEWAYS | conf=0.00
2025-10-25 12:42:32.473 | INFO     | __main__:main:158 - PnL realizado (exchange-managed aprox): 0.00
2025-10-25 12:46:15.998 | INFO     | __main__:main:155 - Sin ChoCH válido | trend=SIDEWAYS | conf=0.00
2025-10-25 12:46:15.999 | INFO     | __main__:main:158 - PnL realizado (exchange-managed aprox): 0.00
2025-10-25 12:52:00.139 | INFO     | __main__:main:155 - Sin ChoCH válido | trend=SIDEWAYS | conf=0.00
2025-10-25 12:52:00.140 | INFO     | __main__:main:158 - PnL realizado (exchange-managed aprox): 0.00
2025-10-25 12:55:43.430 | INFO     | __main__:main:155 - Sin ChoCH válido | trend=SIDEWAYS | conf=0.00
2025-10-25 12:55:43.430 | INFO     | __main__:main:158 - PnL realizado (exchange-managed aprox): 0.00
2025-10-25 13:01:28.005 | INFO     | __main__:main:155 - Sin ChoCH válido | trend=SIDEWAYS | conf=0.00
2025-10-25 13:01:28.005 | INFO     | __main__:main:158 - PnL realizado (exchange-managed aprox): 0.00
2025-10-25 13:07:13.419 | INFO     | __main__:main:155 - Sin ChoCH válido | trend=SIDEWAYS | conf=0.00
2025-10-25 13:07:13.419 | INFO     | __main__:main:158 - PnL realizado (exchange-managed aprox): 0.00
2025-10-25 13:10:54.370 | INFO     | __main__:main:155 - Sin ChoCH válido | trend=SIDEWAYS | conf=0.00
2025-10-25 13:10:54.371 | INFO     | __main__:main:158 - PnL realizado (exchange-managed aprox): 0.00
2025-10-25 13:16:37.645 | INFO     | __main__:main:155 - Sin ChoCH válido | trend=SIDEWAYS | conf=0.00
2025-10-25 13:16:37.645 | INFO     | __main__:main:158 - PnL realizado (exchange-managed aprox): 0.00
2025-10-25 13:22:24.293 | INFO     | __main__:main:155 - Sin ChoCH válido | trend=SIDEWAYS | conf=0.00
2025-10-25 13:22:24.293 | INFO     | __main__:main:158 - PnL realizado (exchange-managed aprox): 0.00
2025-10-25 13:26:07.973 | INFO     | __main__:main:155 - Sin ChoCH válido | trend=SIDEWAYS | conf=0.00
2025-10-25 13:26:07.974 | INFO     | __main__:main:158 - PnL realizado (exchange-managed aprox): 0.00
2025-10-25 13:31:52.297 | INFO     | __main__:main:155 - Sin ChoCH válido | trend=SIDEWAYS | conf=0.00
2025-10-25 13:31:52.297 | INFO     | __main__:main:158 - PnL realizado (exchange-managed aprox): 0.00
2025-10-25 13:37:37.580 | INFO     | __main__:main:155 - Sin ChoCH válido | trend=SIDEWAYS | conf=0.00
2025-10-25 13:37:37.580 | INFO     | __main__:main:158 - PnL realizado (exchange-managed aprox): 0.00
2025-10-25 13:41:21.445 | INFO     | __main__:main:155 - Sin ChoCH válido | trend=SIDEWAYS | conf=0.00
2025-10-25 13:41:21.445 | INFO     | __main__:main:158 - PnL realizado (exchange-managed aprox): 0.00
2025-10-25 13:47:07.144 | INFO     | __main__:main:155 - Sin ChoCH válido | trend=SIDEWAYS | conf=0.00
2025-10-25 13:47:07.145 | INFO     | __main__:main:158 - PnL realizado (exchange-managed aprox): 0.00
2025-10-25 13:50:50.348 | INFO     | __main__:main:155 - Sin ChoCH válido | trend=SIDEWAYS | conf=0.00
2025-10-25 13:50:50.348 | INFO     | __main__:main:158 - PnL realizado (exchange-managed aprox): 0.00
2025-10-25 13:56:35.030 | INFO     | __main__:main:155 - Sin ChoCH válido | trend=SIDEWAYS | conf=0.00
2025-10-25 13:56:35.031 | INFO     | __main__:main:158 - PnL realizado (exchange-managed aprox): 0.00
2025-10-25 14:02:18.787 | INFO     | __main__:main:155 - Sin ChoCH válido | trend=SIDEWAYS | conf=0.00
2025-10-25 14:02:18.787 | INFO     | __main__:main:158 - PnL realizado (exchange-managed aprox): 0.00
2025-10-25 14:06:01.767 | WARNING  | structure_oracle:detect_structure_with_llm:89 - JSON parse error: 1 validation error for StructureReport
confidence
  Field required [type=missing, input_value={'tren
2025-10-25 14:06:01.768 | INFO     | __main__:main:155 - Sin ChoCH válido | trend=SIDEWAYS | conf=0.00
2025-10-25 14:06:01.769 | INFO     | __main__:main:158 - PnL realizado (exchange-managed aprox): 0.00
2025-10-25 14:11:46.199 | INFO     | __main__:main:155 - Sin ChoCH válido | trend=SIDEWAYS | conf=0.00
2025-10-25 14:11:46.199 | INFO     | __main__:main:158 - PnL realizado (exchange-managed aprox): 0.00
2025-10-25 14:17:32.116 | INFO     | __main__:main:155 - Sin ChoCH válido | trend=SIDEWAYS | conf=0.00
2025-10-25 14:17:32.116 | INFO     | __main__:main:158 - PnL realizado (exchange-managed aprox): 0.00
2025-10-25 14:21:14.947 | INFO     | __main__:main:155 - Sin ChoCH válido | trend=SIDEWAYS | conf=0.00
2025-10-25 14:21:14.948 | INFO     | __main__:main:158 - PnL realizado (exchange-managed aprox): 0.00
2025-10-25 14:27:00.076 | INFO     | __main__:main:155 - Sin ChoCH válido | trend=SIDEWAYS | conf=0.00
2025-10-25 14:27:00.077 | INFO     | __main__:main:158 - PnL realizado (exchange-managed aprox): 0.00
2025-10-25 14:32:43.856 | INFO     | __main__:main:155 - Sin ChoCH válido | trend=SIDEWAYS | conf=0.00
2025-10-25 14:32:43.857 | INFO     | __main__:main:158 - PnL realizado (exchange-managed aprox): 0.00
2025-10-25 14:36:26.855 | INFO     | __main__:main:155 - Sin ChoCH válido | trend=SIDEWAYS | conf=0.00
2025-10-25 14:36:26.856 | INFO     | __main__:main:158 - PnL realizado (exchange-managed aprox): 0.00
2025-10-25 14:42:13.455 | INFO     | __main__:main:155 - Sin ChoCH válido | trend=SIDEWAYS | conf=0.00
2025-10-25 14:42:13.456 | INFO     | __main__:main:158 - PnL realizado (exchange-managed aprox): 0.00
2025-10-25 14:45:57.152 | INFO     | __main__:main:155 - Sin ChoCH válido | trend=SIDEWAYS | conf=0.00
2025-10-25 14:45:57.153 | INFO     | __main__:main:158 - PnL realizado (exchange-managed aprox): 0.00
2025-10-25 14:51:40.457 | INFO     | __main__:main:155 - Sin ChoCH válido | trend=SIDEWAYS | conf=0.00
2025-10-25 14:51:40.457 | INFO     | __main__:main:158 - PnL realizado (exchange-managed aprox): 0.00
2025-10-25 14:57:23.105 | INFO     | __main__:main:155 - Sin ChoCH válido | trend=SIDEWAYS | conf=0.00
2025-10-25 14:57:23.105 | INFO     | __main__:main:158 - PnL realizado (exchange-managed aprox): 0.00
2025-10-25 15:01:05.139 | INFO     | __main__:main:155 - Sin ChoCH válido | trend=SIDEWAYS | conf=0.00
2025-10-25 15:01:05.139 | INFO     | __main__:main:158 - PnL realizado (exchange-managed aprox): 0.00
2025-10-25 15:06:48.830 | INFO     | __main__:main:155 - Sin ChoCH válido | trend=SIDEWAYS | conf=0.00
2025-10-25 15:06:48.831 | INFO     | __main__:main:158 - PnL realizado (exchange-managed aprox): 0.00
2025-10-25 15:12:29.461 | INFO     | __main__:main:155 - Sin ChoCH válido | trend=SIDEWAYS | conf=0.00
2025-10-25 15:12:29.461 | INFO     | __main__:main:158 - PnL realizado (exchange-managed aprox): 0.00
2025-10-25 15:16:10.524 | INFO     | __main__:main:155 - Sin ChoCH válido | trend=SIDEWAYS | conf=0.00
2025-10-25 15:16:10.524 | INFO     | __main__:main:158 - PnL realizado (exchange-managed aprox): 0.00
2025-10-25 15:21:54.389 | INFO     | __main__:main:155 - Sin ChoCH válido | trend=SIDEWAYS | conf=0.00
2025-10-25 15:21:54.390 | INFO     | __main__:main:158 - PnL realizado (exchange-managed aprox): 0.00
2025-10-25 15:27:37.679 | INFO     | __main__:main:155 - Sin ChoCH válido | trend=SIDEWAYS | conf=0.00
2025-10-25 15:27:37.679 | INFO     | __main__:main:158 - PnL realizado (exchange-managed aprox): 0.00
2025-10-25 15:31:17.076 | INFO     | __main__:main:155 - Sin ChoCH válido | trend=SIDEWAYS | conf=0.00
2025-10-25 15:31:17.077 | INFO     | __main__:main:158 - PnL realizado (exchange-managed aprox): 0.00
2025-10-25 15:36:56.563 | INFO     | __main__:main:155 - Sin ChoCH válido | trend=SIDEWAYS | conf=0.00
2025-10-25 15:36:56.563 | INFO     | __main__:main:158 - PnL realizado (exchange-managed aprox): 0.00
2025-10-25 15:42:35.205 | INFO     | __main__:main:155 - Sin ChoCH válido | trend=SIDEWAYS | conf=0.00
2025-10-25 15:42:35.206 | INFO     | __main__:main:158 - PnL realizado (exchange-managed aprox): 0.00
2025-10-25 15:46:13.885 | INFO     | __main__:main:155 - Sin ChoCH válido | trend=SIDEWAYS | conf=0.00
2025-10-25 15:46:13.885 | INFO     | __main__:main:158 - PnL realizado (exchange-managed aprox): 0.00
2025-10-25 15:51:54.655 | INFO     | __main__:main:155 - Sin ChoCH válido | trend=SIDEWAYS | conf=0.00
2025-10-25 15:51:54.656 | INFO     | __main__:main:158 - PnL realizado (exchange-managed aprox): 0.00
2025-10-25 15:57:35.350 | INFO     | __main__:main:155 - Sin ChoCH válido | trend=SIDEWAYS | conf=0.00
2025-10-25 15:57:35.350 | INFO     | __main__:main:158 - PnL realizado (exchange-managed aprox): 0.00
2025-10-25 16:01:14.228 | INFO     | __main__:main:155 - Sin ChoCH válido | trend=SIDEWAYS | conf=0.00
2025-10-25 16:01:14.228 | INFO     | __main__:main:158 - PnL realizado (exchange-managed aprox): 0.00
2025-10-25 16:06:58.308 | INFO     | __main__:main:155 - Sin ChoCH válido | trend=SIDEWAYS | conf=0.00
2025-10-25 16:06:58.309 | INFO     | __main__:main:158 - PnL realizado (exchange-managed aprox): 0.00
2025-10-25 16:12:42.467 | INFO     | __main__:main:155 - Sin ChoCH válido | trend=SIDEWAYS | conf=0.00
2025-10-25 16:12:42.468 | INFO     | __main__:main:158 - PnL realizado (exchange-managed aprox): 0.00
2025-10-25 16:16:25.793 | INFO     | __main__:main:155 - Sin ChoCH válido | trend=SIDEWAYS | conf=0.00
2025-10-25 16:16:25.793 | INFO     | __main__:main:158 - PnL realizado (exchange-managed aprox): 0.00
2025-10-25 16:22:10.380 | INFO     | __main__:main:155 - Sin ChoCH válido | trend=SIDEWAYS | conf=0.00
2025-10-25 16:22:10.381 | INFO     | __main__:main:158 - PnL realizado (exchange-managed aprox): 0.00
2025-10-25 16:25:53.976 | INFO     | __main__:main:155 - Sin ChoCH válido | trend=SIDEWAYS | conf=0.00
2025-10-25 16:25:53.976 | INFO     | __main__:main:158 - PnL realizado (exchange-managed aprox): 0.00
2025-10-25 16:31:40.171 | INFO     | __main__:main:155 - Sin ChoCH válido | trend=SIDEWAYS | conf=0.00
2025-10-25 16:31:40.171 | INFO     | __main__:main:158 - PnL realizado (exchange-managed aprox): 0.00
2025-10-25 16:37:26.016 | INFO     | __main__:main:155 - Sin ChoCH válido | trend=SIDEWAYS | conf=0.00
2025-10-25 16:37:26.017 | INFO     | __main__:main:158 - PnL realizado (exchange-managed aprox): 0.00
2025-10-25 16:41:09.108 | INFO     | __main__:main:155 - Sin ChoCH válido | trend=SIDEWAYS | conf=0.00
2025-10-25 16:41:09.108 | INFO     | __main__:main:158 - PnL realizado (exchange-managed aprox): 0.00
2025-10-25 16:42:33.157 | INFO     | __main__:main:46 - florencia-ai iniciado | BTC/USDT 5m | PAPER=True
2025-10-25 16:43:12.630 | INFO     | __main__:main:46 - florencia-ai iniciado | BTC/USDT 5m | PAPER=True
2025-10-25 16:44:16.261 | INFO     | __main__:main:155 - Sin ChoCH válido | trend=SIDEWAYS | conf=0.00
2025-10-25 16:44:16.261 | INFO     | __main__:main:158 - PnL realizado (exchange-managed aprox): 0.00
2025-10-25 16:46:06.357 | INFO     | __main__:main:155 - Sin ChoCH válido | trend=SIDEWAYS | conf=0.00
2025-10-25 16:46:06.358 | INFO     | __main__:main:158 - PnL realizado (exchange-managed aprox): 0.00
2025-10-25 16:52:00.754 | INFO     | __main__:main:155 - Sin ChoCH válido | trend=SIDEWAYS | conf=0.00
2025-10-25 16:52:00.754 | INFO     | __main__:main:158 - PnL realizado (exchange-managed aprox): 0.00
